mode: atomic
github.com/jetstack/preflight/pkg/echo/echo.go:18.52,22.2 3 0
github.com/jetstack/preflight/pkg/echo/echo.go:24.58,25.33 1 2
github.com/jetstack/preflight/pkg/echo/echo.go:25.33,28.3 2 1
github.com/jetstack/preflight/pkg/echo/echo.go:31.2,33.16 3 1
github.com/jetstack/preflight/pkg/echo/echo.go:33.16,36.3 2 0
github.com/jetstack/preflight/pkg/echo/echo.go:40.2,40.13 1 1
github.com/jetstack/preflight/pkg/echo/echo.go:40.13,43.42 3 0
github.com/jetstack/preflight/pkg/echo/echo.go:43.42,45.4 1 0
github.com/jetstack/preflight/pkg/echo/echo.go:46.8,50.42 3 1
github.com/jetstack/preflight/pkg/echo/echo.go:50.42,52.16 2 1
github.com/jetstack/preflight/pkg/echo/echo.go:52.16,54.5 1 1
github.com/jetstack/preflight/pkg/echo/echo.go:56.4,56.44 1 1
github.com/jetstack/preflight/pkg/echo/echo.go:59.3,59.23 1 1
github.com/jetstack/preflight/pkg/echo/echo.go:63.2,64.52 2 1
github.com/jetstack/preflight/pkg/echo/echo.go:67.62,71.2 3 1
github.com/jetstack/preflight/pkg/echo/echo.go:73.51,80.2 1 1
github.com/jetstack/preflight/pkg/datagatherer/local/local.go:18.35,19.22 1 0
github.com/jetstack/preflight/pkg/datagatherer/local/local.go:19.22,21.3 1 0
github.com/jetstack/preflight/pkg/datagatherer/local/local.go:22.2,22.12 1 0
github.com/jetstack/preflight/pkg/datagatherer/local/local.go:31.90,32.37 1 0
github.com/jetstack/preflight/pkg/datagatherer/local/local.go:32.37,34.3 1 0
github.com/jetstack/preflight/pkg/datagatherer/local/local.go:36.2,38.8 1 0
github.com/jetstack/preflight/pkg/datagatherer/local/local.go:41.55,44.2 1 0
github.com/jetstack/preflight/pkg/datagatherer/local/local.go:46.68,49.2 1 0
github.com/jetstack/preflight/pkg/datagatherer/local/local.go:52.58,54.16 2 0
github.com/jetstack/preflight/pkg/datagatherer/local/local.go:54.16,56.3 1 0
github.com/jetstack/preflight/pkg/datagatherer/local/local.go:57.2,57.27 1 0
github.com/jetstack/preflight/pkg/internal/cyberark/identity/cmd/testidentity/main.go:31.37,32.21 1 0
github.com/jetstack/preflight/pkg/internal/cyberark/identity/cmd/testidentity/main.go:32.21,34.3 1 0
github.com/jetstack/preflight/pkg/internal/cyberark/identity/cmd/testidentity/main.go:36.2,36.20 1 0
github.com/jetstack/preflight/pkg/internal/cyberark/identity/cmd/testidentity/main.go:36.20,38.3 1 0
github.com/jetstack/preflight/pkg/internal/cyberark/identity/cmd/testidentity/main.go:40.2,41.20 2 0
github.com/jetstack/preflight/pkg/internal/cyberark/identity/cmd/testidentity/main.go:41.20,43.3 1 0
github.com/jetstack/preflight/pkg/internal/cyberark/identity/cmd/testidentity/main.go:44.2,47.16 3 0
github.com/jetstack/preflight/pkg/internal/cyberark/identity/cmd/testidentity/main.go:47.16,49.3 1 0
github.com/jetstack/preflight/pkg/internal/cyberark/identity/cmd/testidentity/main.go:51.2,52.16 2 0
github.com/jetstack/preflight/pkg/internal/cyberark/identity/cmd/testidentity/main.go:52.16,54.3 1 0
github.com/jetstack/preflight/pkg/internal/cyberark/identity/cmd/testidentity/main.go:56.2,56.12 1 0
github.com/jetstack/preflight/pkg/internal/cyberark/identity/cmd/testidentity/main.go:59.13,82.16 14 0
github.com/jetstack/preflight/pkg/internal/cyberark/identity/cmd/testidentity/main.go:82.16,85.3 2 0
github.com/jetstack/preflight/pkg/internal/cyberark/identity/cmd/testidentity/main.go:87.2,87.51 1 0
github.com/jetstack/preflight/pkg/kubeconfig/kubeconfig.go:12.56,26.16 4 0
github.com/jetstack/preflight/pkg/kubeconfig/kubeconfig.go:26.16,28.3 1 0
github.com/jetstack/preflight/pkg/kubeconfig/kubeconfig.go:30.2,30.17 1 0
github.com/jetstack/preflight/pkg/internal/cyberark/identity/identity.go:195.66,197.2 1 0
github.com/jetstack/preflight/pkg/internal/cyberark/identity/identity.go:203.127,204.28 1 11
github.com/jetstack/preflight/pkg/internal/cyberark/identity/identity.go:204.28,206.3 1 0
github.com/jetstack/preflight/pkg/internal/cyberark/identity/identity.go:208.2,209.16 2 11
github.com/jetstack/preflight/pkg/internal/cyberark/identity/identity.go:209.16,211.3 1 0
github.com/jetstack/preflight/pkg/internal/cyberark/identity/identity.go:213.2,223.8 1 11
github.com/jetstack/preflight/pkg/internal/cyberark/identity/identity.go:230.101,231.15 1 0
github.com/jetstack/preflight/pkg/internal/cyberark/identity/identity.go:231.15,232.27 1 0
github.com/jetstack/preflight/pkg/internal/cyberark/identity/identity.go:232.27,234.4 1 0
github.com/jetstack/preflight/pkg/internal/cyberark/identity/identity.go:237.2,237.35 1 0
github.com/jetstack/preflight/pkg/internal/cyberark/identity/identity.go:237.35,239.17 2 0
github.com/jetstack/preflight/pkg/internal/cyberark/identity/identity.go:239.17,241.4 1 0
github.com/jetstack/preflight/pkg/internal/cyberark/identity/identity.go:245.3,246.17 2 0
github.com/jetstack/preflight/pkg/internal/cyberark/identity/identity.go:246.17,248.4 1 0
github.com/jetstack/preflight/pkg/internal/cyberark/identity/identity.go:250.3,250.25 1 0
github.com/jetstack/preflight/pkg/internal/cyberark/identity/identity.go:253.2,257.12 3 0
github.com/jetstack/preflight/pkg/internal/cyberark/identity/identity.go:265.120,279.16 5 5
github.com/jetstack/preflight/pkg/internal/cyberark/identity/identity.go:279.16,281.3 1 0
github.com/jetstack/preflight/pkg/internal/cyberark/identity/identity.go:283.2,284.16 2 5
github.com/jetstack/preflight/pkg/internal/cyberark/identity/identity.go:284.16,286.3 1 0
github.com/jetstack/preflight/pkg/internal/cyberark/identity/identity.go:288.2,289.16 2 5
github.com/jetstack/preflight/pkg/internal/cyberark/identity/identity.go:289.16,291.3 1 0
github.com/jetstack/preflight/pkg/internal/cyberark/identity/identity.go:293.2,296.16 3 5
github.com/jetstack/preflight/pkg/internal/cyberark/identity/identity.go:296.16,298.3 1 0
github.com/jetstack/preflight/pkg/internal/cyberark/identity/identity.go:300.2,302.46 2 5
github.com/jetstack/preflight/pkg/internal/cyberark/identity/identity.go:302.46,304.70 2 0
github.com/jetstack/preflight/pkg/internal/cyberark/identity/identity.go:304.70,306.4 1 0
github.com/jetstack/preflight/pkg/internal/cyberark/identity/identity.go:309.3,309.42 1 0
github.com/jetstack/preflight/pkg/internal/cyberark/identity/identity.go:313.2,316.16 3 5
github.com/jetstack/preflight/pkg/internal/cyberark/identity/identity.go:316.16,317.33 1 0
github.com/jetstack/preflight/pkg/internal/cyberark/identity/identity.go:317.33,319.4 1 0
github.com/jetstack/preflight/pkg/internal/cyberark/identity/identity.go:321.3,321.121 1 0
github.com/jetstack/preflight/pkg/internal/cyberark/identity/identity.go:324.2,324.32 1 5
github.com/jetstack/preflight/pkg/internal/cyberark/identity/identity.go:324.32,326.3 1 1
github.com/jetstack/preflight/pkg/internal/cyberark/identity/identity.go:328.2,330.59 2 4
github.com/jetstack/preflight/pkg/internal/cyberark/identity/identity.go:330.59,334.3 1 0
github.com/jetstack/preflight/pkg/internal/cyberark/identity/identity.go:338.2,338.50 1 4
github.com/jetstack/preflight/pkg/internal/cyberark/identity/identity.go:339.9,340.111 1 0
github.com/jetstack/preflight/pkg/internal/cyberark/identity/identity.go:342.9,342.9 0 3
github.com/jetstack/preflight/pkg/internal/cyberark/identity/identity.go:345.10,346.179 1 1
github.com/jetstack/preflight/pkg/internal/cyberark/identity/identity.go:349.2,351.35 2 3
github.com/jetstack/preflight/pkg/internal/cyberark/identity/identity.go:352.9,354.86 1 0
github.com/jetstack/preflight/pkg/internal/cyberark/identity/identity.go:356.9,356.9 0 2
github.com/jetstack/preflight/pkg/internal/cyberark/identity/identity.go:359.10,360.164 1 1
github.com/jetstack/preflight/pkg/internal/cyberark/identity/identity.go:363.2,365.72 2 2
github.com/jetstack/preflight/pkg/internal/cyberark/identity/identity.go:365.72,367.3 1 1
github.com/jetstack/preflight/pkg/internal/cyberark/identity/identity.go:369.2,375.22 6 1
github.com/jetstack/preflight/pkg/internal/cyberark/identity/identity.go:380.150,381.21 1 6
github.com/jetstack/preflight/pkg/internal/cyberark/identity/identity.go:381.21,383.3 1 0
github.com/jetstack/preflight/pkg/internal/cyberark/identity/identity.go:385.2,388.16 3 6
github.com/jetstack/preflight/pkg/internal/cyberark/identity/identity.go:388.16,390.3 1 0
github.com/jetstack/preflight/pkg/internal/cyberark/identity/identity.go:392.2,393.16 2 6
github.com/jetstack/preflight/pkg/internal/cyberark/identity/identity.go:393.16,395.3 1 0
github.com/jetstack/preflight/pkg/internal/cyberark/identity/identity.go:397.2,398.16 2 6
github.com/jetstack/preflight/pkg/internal/cyberark/identity/identity.go:398.16,400.3 1 0
github.com/jetstack/preflight/pkg/internal/cyberark/identity/identity.go:402.2,405.16 3 6
github.com/jetstack/preflight/pkg/internal/cyberark/identity/identity.go:405.16,407.3 1 0
github.com/jetstack/preflight/pkg/internal/cyberark/identity/identity.go:409.2,413.46 2 6
github.com/jetstack/preflight/pkg/internal/cyberark/identity/identity.go:413.46,415.70 2 1
github.com/jetstack/preflight/pkg/internal/cyberark/identity/identity.go:415.70,417.4 1 0
github.com/jetstack/preflight/pkg/internal/cyberark/identity/identity.go:420.3,420.32 1 1
github.com/jetstack/preflight/pkg/internal/cyberark/identity/identity.go:423.2,426.16 3 5
github.com/jetstack/preflight/pkg/internal/cyberark/identity/identity.go:426.16,427.33 1 0
github.com/jetstack/preflight/pkg/internal/cyberark/identity/identity.go:427.33,429.4 1 0
github.com/jetstack/preflight/pkg/internal/cyberark/identity/identity.go:431.3,431.113 1 0
github.com/jetstack/preflight/pkg/internal/cyberark/identity/identity.go:434.2,434.34 1 5
github.com/jetstack/preflight/pkg/internal/cyberark/identity/identity.go:434.34,436.3 1 4
github.com/jetstack/preflight/pkg/internal/cyberark/identity/identity.go:438.2,438.63 1 1
github.com/jetstack/preflight/pkg/internal/cyberark/identity/identity.go:438.63,442.3 1 0
github.com/jetstack/preflight/pkg/internal/cyberark/identity/identity.go:444.2,452.12 5 1
github.com/jetstack/preflight/pkg/internal/cyberark/identity/identity.go:461.42,467.2 3 11
github.com/jetstack/preflight/pkg/internal/cyberark/identity/mock.go:60.47,66.2 3 11
github.com/jetstack/preflight/pkg/internal/cyberark/identity/mock.go:68.40,70.2 1 11
github.com/jetstack/preflight/pkg/internal/cyberark/identity/mock.go:72.82,73.24 1 11
github.com/jetstack/preflight/pkg/internal/cyberark/identity/mock.go:74.39,76.9 2 5
github.com/jetstack/preflight/pkg/internal/cyberark/identity/mock.go:78.41,80.9 2 6
github.com/jetstack/preflight/pkg/internal/cyberark/identity/mock.go:82.10,85.38 2 0
github.com/jetstack/preflight/pkg/internal/cyberark/identity/mock.go:89.49,92.55 2 11
github.com/jetstack/preflight/pkg/internal/cyberark/identity/mock.go:92.55,94.3 1 0
github.com/jetstack/preflight/pkg/internal/cyberark/identity/mock.go:96.2,96.56 1 11
github.com/jetstack/preflight/pkg/internal/cyberark/identity/mock.go:96.56,98.3 1 0
github.com/jetstack/preflight/pkg/internal/cyberark/identity/mock.go:100.2,100.52 1 11
github.com/jetstack/preflight/pkg/internal/cyberark/identity/mock.go:100.52,102.3 1 0
github.com/jetstack/preflight/pkg/internal/cyberark/identity/mock.go:104.2,104.29 1 11
github.com/jetstack/preflight/pkg/internal/cyberark/identity/mock.go:107.98,108.33 1 5
github.com/jetstack/preflight/pkg/internal/cyberark/identity/mock.go:108.33,114.3 3 0
github.com/jetstack/preflight/pkg/internal/cyberark/identity/mock.go:116.2,116.47 1 5
github.com/jetstack/preflight/pkg/internal/cyberark/identity/mock.go:116.47,120.3 3 0
github.com/jetstack/preflight/pkg/internal/cyberark/identity/mock.go:122.2,127.49 4 5
github.com/jetstack/preflight/pkg/internal/cyberark/identity/mock.go:127.49,131.3 3 0
github.com/jetstack/preflight/pkg/internal/cyberark/identity/mock.go:138.2,138.22 1 5
github.com/jetstack/preflight/pkg/internal/cyberark/identity/mock.go:139.19,141.61 2 1
github.com/jetstack/preflight/pkg/internal/cyberark/identity/mock.go:143.37,145.79 2 1
github.com/jetstack/preflight/pkg/internal/cyberark/identity/mock.go:147.37,149.79 2 1
github.com/jetstack/preflight/pkg/internal/cyberark/identity/mock.go:151.21,153.67 2 1
github.com/jetstack/preflight/pkg/internal/cyberark/identity/mock.go:155.10,158.61 2 1
github.com/jetstack/preflight/pkg/internal/cyberark/identity/mock.go:160.10,162.68 2 0
github.com/jetstack/preflight/pkg/internal/cyberark/identity/mock.go:166.100,167.33 1 6
github.com/jetstack/preflight/pkg/internal/cyberark/identity/mock.go:167.33,171.3 3 0
github.com/jetstack/preflight/pkg/internal/cyberark/identity/mock.go:173.2,173.47 1 6
github.com/jetstack/preflight/pkg/internal/cyberark/identity/mock.go:173.47,176.3 2 0
github.com/jetstack/preflight/pkg/internal/cyberark/identity/mock.go:178.2,183.53 4 6
github.com/jetstack/preflight/pkg/internal/cyberark/identity/mock.go:183.53,187.3 3 0
github.com/jetstack/preflight/pkg/internal/cyberark/identity/mock.go:192.2,192.34 1 6
github.com/jetstack/preflight/pkg/internal/cyberark/identity/mock.go:192.34,198.3 3 1
github.com/jetstack/preflight/pkg/internal/cyberark/identity/mock.go:200.2,203.41 1 5
github.com/jetstack/preflight/pkg/internal/cyberark/identity/mock.go:203.41,207.3 3 4
github.com/jetstack/preflight/pkg/internal/cyberark/identity/mock.go:209.2,210.62 2 1
github.com/jetstack/preflight/pkg/internal/cyberark/servicediscovery/discovery.go:42.42,43.25 1 0
github.com/jetstack/preflight/pkg/internal/cyberark/servicediscovery/discovery.go:43.25,45.3 1 0
github.com/jetstack/preflight/pkg/internal/cyberark/servicediscovery/discovery.go:50.52,51.25 1 6
github.com/jetstack/preflight/pkg/internal/cyberark/servicediscovery/discovery.go:51.25,53.3 1 6
github.com/jetstack/preflight/pkg/internal/cyberark/servicediscovery/discovery.go:57.43,65.33 2 6
github.com/jetstack/preflight/pkg/internal/cyberark/servicediscovery/discovery.go:65.33,67.3 1 6
github.com/jetstack/preflight/pkg/internal/cyberark/servicediscovery/discovery.go:69.2,69.15 1 6
github.com/jetstack/preflight/pkg/internal/cyberark/servicediscovery/discovery.go:74.96,76.16 2 6
github.com/jetstack/preflight/pkg/internal/cyberark/servicediscovery/discovery.go:76.16,78.3 1 0
github.com/jetstack/preflight/pkg/internal/cyberark/servicediscovery/discovery.go:80.2,81.16 2 6
github.com/jetstack/preflight/pkg/internal/cyberark/servicediscovery/discovery.go:81.16,83.3 1 0
github.com/jetstack/preflight/pkg/internal/cyberark/servicediscovery/discovery.go:85.2,89.16 4 6
github.com/jetstack/preflight/pkg/internal/cyberark/servicediscovery/discovery.go:89.16,91.3 1 0
github.com/jetstack/preflight/pkg/internal/cyberark/servicediscovery/discovery.go:93.2,95.38 2 6
github.com/jetstack/preflight/pkg/internal/cyberark/servicediscovery/discovery.go:95.38,98.45 1 2
github.com/jetstack/preflight/pkg/internal/cyberark/servicediscovery/discovery.go:98.45,100.4 1 1
github.com/jetstack/preflight/pkg/internal/cyberark/servicediscovery/discovery.go:102.3,102.108 1 1
github.com/jetstack/preflight/pkg/internal/cyberark/servicediscovery/discovery.go:105.2,113.16 4 4
github.com/jetstack/preflight/pkg/internal/cyberark/servicediscovery/discovery.go:113.16,114.33 1 2
github.com/jetstack/preflight/pkg/internal/cyberark/servicediscovery/discovery.go:114.33,116.4 1 1
github.com/jetstack/preflight/pkg/internal/cyberark/servicediscovery/discovery.go:118.3,118.121 1 1
github.com/jetstack/preflight/pkg/internal/cyberark/servicediscovery/discovery.go:121.2,122.9 2 2
github.com/jetstack/preflight/pkg/internal/cyberark/servicediscovery/discovery.go:122.9,124.3 1 1
github.com/jetstack/preflight/pkg/internal/cyberark/servicediscovery/discovery.go:126.2,126.33 1 1
github.com/jetstack/preflight/pkg/internal/cyberark/servicediscovery/mock.go:36.49,38.2 1 6
github.com/jetstack/preflight/pkg/internal/cyberark/servicediscovery/mock.go:40.78,46.16 4 6
github.com/jetstack/preflight/pkg/internal/cyberark/servicediscovery/mock.go:46.16,47.13 1 0
github.com/jetstack/preflight/pkg/internal/cyberark/servicediscovery/mock.go:50.2,58.12 4 6
github.com/jetstack/preflight/pkg/internal/cyberark/servicediscovery/mock.go:61.41,63.2 1 6
github.com/jetstack/preflight/pkg/internal/cyberark/servicediscovery/mock.go:65.83,66.32 1 6
github.com/jetstack/preflight/pkg/internal/cyberark/servicediscovery/mock.go:66.32,72.3 3 0
github.com/jetstack/preflight/pkg/internal/cyberark/servicediscovery/mock.go:74.2,74.64 1 6
github.com/jetstack/preflight/pkg/internal/cyberark/servicediscovery/mock.go:74.64,80.3 3 0
github.com/jetstack/preflight/pkg/internal/cyberark/servicediscovery/mock.go:82.2,82.55 1 6
github.com/jetstack/preflight/pkg/internal/cyberark/servicediscovery/mock.go:82.55,86.3 3 0
github.com/jetstack/preflight/pkg/internal/cyberark/servicediscovery/mock.go:88.2,88.50 1 6
github.com/jetstack/preflight/pkg/internal/cyberark/servicediscovery/mock.go:88.50,92.3 3 0
github.com/jetstack/preflight/pkg/internal/cyberark/servicediscovery/mock.go:94.2,96.19 2 6
github.com/jetstack/preflight/pkg/internal/cyberark/servicediscovery/mock.go:97.30,98.46 1 1
github.com/jetstack/preflight/pkg/internal/cyberark/servicediscovery/mock.go:100.21,102.277 1 1
github.com/jetstack/preflight/pkg/internal/cyberark/servicediscovery/mock.go:104.21,107.31 2 1
github.com/jetstack/preflight/pkg/internal/cyberark/servicediscovery/mock.go:109.22,112.37 2 1
github.com/jetstack/preflight/pkg/internal/cyberark/servicediscovery/mock.go:114.23,123.17 5 1
github.com/jetstack/preflight/pkg/internal/cyberark/servicediscovery/mock.go:123.17,124.14 1 0
github.com/jetstack/preflight/pkg/internal/cyberark/servicediscovery/mock.go:127.3,127.27 1 1
github.com/jetstack/preflight/pkg/internal/cyberark/servicediscovery/mock.go:129.10,131.31 2 1
github.com/jetstack/preflight/pkg/logs/logs.go:63.13,67.2 2 14
github.com/jetstack/preflight/pkg/logs/logs.go:74.34,78.35 4 12
github.com/jetstack/preflight/pkg/logs/logs.go:78.35,79.36 1 108
github.com/jetstack/preflight/pkg/logs/logs.go:79.36,81.4 1 72
github.com/jetstack/preflight/pkg/logs/logs.go:87.3,87.33 1 108
github.com/jetstack/preflight/pkg/logs/logs.go:87.33,89.4 1 12
github.com/jetstack/preflight/pkg/logs/logs.go:90.3,90.40 1 108
github.com/jetstack/preflight/pkg/logs/logs.go:90.40,93.4 2 12
github.com/jetstack/preflight/pkg/logs/logs.go:94.3,94.40 1 108
github.com/jetstack/preflight/pkg/logs/logs.go:94.40,97.4 2 12
github.com/jetstack/preflight/pkg/logs/logs.go:105.3,105.20 1 108
github.com/jetstack/preflight/pkg/logs/logs.go:105.20,109.4 3 12
github.com/jetstack/preflight/pkg/logs/logs.go:111.2,111.21 1 12
github.com/jetstack/preflight/pkg/logs/logs.go:116.25,120.74 2 9
github.com/jetstack/preflight/pkg/logs/logs.go:120.74,122.3 1 1
github.com/jetstack/preflight/pkg/logs/logs.go:127.2,142.12 6 8
github.com/jetstack/preflight/pkg/logs/logs.go:150.61,157.39 3 13
github.com/jetstack/preflight/pkg/logs/logs.go:157.39,159.3 1 4
github.com/jetstack/preflight/pkg/logs/logs.go:159.8,161.3 1 9
github.com/jetstack/preflight/pkg/logs/logs.go:162.2,162.20 1 13
github.com/jetstack/preflight/pkg/version/version.go:21.25,23.2 1 0
github.com/jetstack/preflight/pkg/version/version.go:26.38,28.2 1 0
github.com/jetstack/preflight/pkg/permissions/generate.go:28.88,32.35 2 5
github.com/jetstack/preflight/pkg/permissions/generate.go:32.35,33.31 1 6
github.com/jetstack/preflight/pkg/permissions/generate.go:33.31,34.12 1 0
github.com/jetstack/preflight/pkg/permissions/generate.go:37.3,59.43 4 6
github.com/jetstack/preflight/pkg/permissions/generate.go:59.43,60.50 1 2
github.com/jetstack/preflight/pkg/permissions/generate.go:60.50,86.5 1 3
github.com/jetstack/preflight/pkg/permissions/generate.go:87.9,113.4 1 4
github.com/jetstack/preflight/pkg/permissions/generate.go:117.2,117.27 1 5
github.com/jetstack/preflight/pkg/permissions/generate.go:120.70,122.34 2 3
github.com/jetstack/preflight/pkg/permissions/generate.go:122.34,124.17 2 4
github.com/jetstack/preflight/pkg/permissions/generate.go:124.17,126.4 1 0
github.com/jetstack/preflight/pkg/permissions/generate.go:128.3,130.29 3 4
github.com/jetstack/preflight/pkg/permissions/generate.go:133.2,133.25 1 3
github.com/jetstack/preflight/pkg/permissions/generate.go:135.70,137.34 2 3
github.com/jetstack/preflight/pkg/permissions/generate.go:137.34,139.17 2 1
github.com/jetstack/preflight/pkg/permissions/generate.go:139.17,141.4 1 0
github.com/jetstack/preflight/pkg/permissions/generate.go:143.3,145.29 3 1
github.com/jetstack/preflight/pkg/permissions/generate.go:148.2,148.25 1 3
github.com/jetstack/preflight/pkg/permissions/generate.go:150.91,152.41 2 3
github.com/jetstack/preflight/pkg/permissions/generate.go:152.41,154.17 2 3
github.com/jetstack/preflight/pkg/permissions/generate.go:154.17,156.4 1 0
github.com/jetstack/preflight/pkg/permissions/generate.go:158.3,160.29 3 3
github.com/jetstack/preflight/pkg/permissions/generate.go:163.2,163.25 1 3
github.com/jetstack/preflight/pkg/permissions/generate.go:166.70,179.2 9 3
github.com/jetstack/preflight/pkg/testutil/envtest.go:34.104,38.43 2 0
github.com/jetstack/preflight/pkg/testutil/envtest.go:38.43,43.3 1 0
github.com/jetstack/preflight/pkg/testutil/envtest.go:44.2,50.19 3 0
github.com/jetstack/preflight/pkg/testutil/envtest.go:50.19,54.3 3 0
github.com/jetstack/preflight/pkg/testutil/envtest.go:55.2,65.35 8 0
github.com/jetstack/preflight/pkg/testutil/envtest.go:69.64,104.2 14 0
github.com/jetstack/preflight/pkg/testutil/envtest.go:109.80,120.12 4 0
github.com/jetstack/preflight/pkg/testutil/envtest.go:120.12,123.3 2 0
github.com/jetstack/preflight/pkg/testutil/envtest.go:124.2,124.19 1 0
github.com/jetstack/preflight/pkg/testutil/envtest.go:129.70,133.24 3 0
github.com/jetstack/preflight/pkg/testutil/envtest.go:134.33,135.24 1 0
github.com/jetstack/preflight/pkg/testutil/envtest.go:136.29,137.24 1 0
github.com/jetstack/preflight/pkg/testutil/envtest.go:138.10,139.46 1 0
github.com/jetstack/preflight/pkg/testutil/envtest.go:142.2,145.33 3 0
github.com/jetstack/preflight/pkg/testutil/envtest.go:145.33,147.3 1 0
github.com/jetstack/preflight/pkg/testutil/envtest.go:148.2,148.67 1 0
github.com/jetstack/preflight/pkg/testutil/envtest.go:148.67,150.3 1 0
github.com/jetstack/preflight/pkg/testutil/envtest.go:151.2,151.71 1 0
github.com/jetstack/preflight/pkg/testutil/envtest.go:156.54,159.6 3 0
github.com/jetstack/preflight/pkg/testutil/envtest.go:159.6,162.20 3 0
github.com/jetstack/preflight/pkg/testutil/envtest.go:162.20,163.9 1 0
github.com/jetstack/preflight/pkg/testutil/envtest.go:165.3,165.17 1 0
github.com/jetstack/preflight/pkg/testutil/envtest.go:165.17,166.14 1 0
github.com/jetstack/preflight/pkg/testutil/envtest.go:169.3,169.27 1 0
github.com/jetstack/preflight/pkg/testutil/envtest.go:171.2,171.13 1 0
github.com/jetstack/preflight/pkg/testutil/envtest.go:176.109,179.50 2 0
github.com/jetstack/preflight/pkg/testutil/envtest.go:179.51,179.52 0 0
github.com/jetstack/preflight/pkg/testutil/envtest.go:180.2,181.44 2 0
github.com/jetstack/preflight/pkg/testutil/envtest.go:181.44,185.3 3 0
github.com/jetstack/preflight/pkg/testutil/envtest.go:187.2,187.96 1 0
github.com/jetstack/preflight/pkg/testutil/envtest.go:187.96,194.81 5 0
github.com/jetstack/preflight/pkg/testutil/envtest.go:194.81,197.4 2 0
github.com/jetstack/preflight/pkg/testutil/envtest.go:197.9,197.60 1 0
github.com/jetstack/preflight/pkg/testutil/envtest.go:197.60,200.4 2 0
github.com/jetstack/preflight/pkg/testutil/envtest.go:202.3,204.71 3 0
github.com/jetstack/preflight/pkg/testutil/envtest.go:204.71,208.4 3 0
github.com/jetstack/preflight/pkg/testutil/envtest.go:209.3,209.21 1 0
github.com/jetstack/preflight/pkg/testutil/envtest.go:210.42,211.56 1 0
github.com/jetstack/preflight/pkg/testutil/envtest.go:211.56,215.5 3 0
github.com/jetstack/preflight/pkg/testutil/envtest.go:216.4,216.99 1 0
github.com/jetstack/preflight/pkg/testutil/envtest.go:217.27,218.105 1 0
github.com/jetstack/preflight/pkg/testutil/envtest.go:219.11,221.104 2 0
github.com/jetstack/preflight/pkg/testutil/envtest.go:224.2,229.32 4 0
github.com/jetstack/preflight/pkg/testutil/envtest.go:232.66,235.96 2 0
github.com/jetstack/preflight/pkg/testutil/envtest.go:235.96,240.21 3 0
github.com/jetstack/preflight/pkg/testutil/envtest.go:241.32,242.43 1 0
github.com/jetstack/preflight/pkg/testutil/envtest.go:242.43,245.5 2 0
github.com/jetstack/preflight/pkg/testutil/envtest.go:246.4,246.62 1 0
github.com/jetstack/preflight/pkg/testutil/envtest.go:247.43,248.91 1 0
github.com/jetstack/preflight/pkg/testutil/envtest.go:249.11,251.104 2 0
github.com/jetstack/preflight/pkg/testutil/envtest.go:254.2,259.21 4 0
github.com/jetstack/preflight/pkg/testutil/undent.go:48.30,49.17 1 8
github.com/jetstack/preflight/pkg/testutil/undent.go:49.17,51.3 1 1
github.com/jetstack/preflight/pkg/testutil/undent.go:56.2,66.18 4 7
github.com/jetstack/preflight/pkg/testutil/undent.go:66.18,68.3 1 3
github.com/jetstack/preflight/pkg/testutil/undent.go:70.2,71.21 2 7
github.com/jetstack/preflight/pkg/testutil/undent.go:71.21,72.21 1 119
github.com/jetstack/preflight/pkg/testutil/undent.go:72.21,73.22 1 21
github.com/jetstack/preflight/pkg/testutil/undent.go:73.22,75.5 1 19
github.com/jetstack/preflight/pkg/testutil/undent.go:76.4,77.12 2 21
github.com/jetstack/preflight/pkg/testutil/undent.go:83.3,83.38 1 98
github.com/jetstack/preflight/pkg/testutil/undent.go:83.38,84.12 1 51
github.com/jetstack/preflight/pkg/testutil/undent.go:91.3,91.38 1 47
github.com/jetstack/preflight/pkg/testutil/undent.go:91.38,92.26 1 7
github.com/jetstack/preflight/pkg/testutil/undent.go:92.26,94.5 1 7
github.com/jetstack/preflight/pkg/testutil/undent.go:95.4,96.12 2 7
github.com/jetstack/preflight/pkg/testutil/undent.go:99.3,99.18 1 40
github.com/jetstack/preflight/pkg/testutil/undent.go:103.2,105.32 2 7
github.com/jetstack/preflight/pkg/testutil/undent.go:105.32,111.33 3 22
github.com/jetstack/preflight/pkg/testutil/undent.go:111.33,113.4 1 7
github.com/jetstack/preflight/pkg/testutil/undent.go:113.9,115.4 1 15
github.com/jetstack/preflight/pkg/testutil/undent.go:117.3,118.10 2 22
github.com/jetstack/preflight/pkg/testutil/undent.go:120.35,121.16 1 0
github.com/jetstack/preflight/pkg/testutil/undent.go:125.83,126.16 1 3
github.com/jetstack/preflight/pkg/testutil/undent.go:130.22,131.18 1 1
github.com/jetstack/preflight/pkg/testutil/undent.go:135.36,136.88 1 0
github.com/jetstack/preflight/pkg/testutil/undent.go:140.37,141.46 1 18
github.com/jetstack/preflight/pkg/testutil/undent.go:143.11,144.136 1 0
github.com/jetstack/preflight/pkg/testutil/undent.go:146.3,146.32 1 22
github.com/jetstack/preflight/pkg/testutil/undent.go:149.2,149.20 1 7
github.com/jetstack/preflight/pkg/testutil/undent.go:154.30,155.22 1 5
github.com/jetstack/preflight/pkg/testutil/undent.go:155.22,156.28 1 10
github.com/jetstack/preflight/pkg/testutil/undent.go:156.28,158.4 1 2
github.com/jetstack/preflight/pkg/testutil/undent.go:160.2,160.13 1 3
github.com/jetstack/preflight/cmd/agent.go:25.47,29.3 3 0
github.com/jetstack/preflight/cmd/agent.go:36.54,39.17 2 0
github.com/jetstack/preflight/cmd/agent.go:39.17,41.4 1 0
github.com/jetstack/preflight/cmd/agent.go:42.3,43.17 2 0
github.com/jetstack/preflight/cmd/agent.go:43.17,45.4 1 0
github.com/jetstack/preflight/cmd/agent.go:47.3,48.17 2 0
github.com/jetstack/preflight/cmd/agent.go:48.17,50.4 1 0
github.com/jetstack/preflight/cmd/agent.go:52.3,54.13 3 0
github.com/jetstack/preflight/cmd/agent.go:58.13,63.2 4 2
github.com/jetstack/preflight/cmd/echo.go:17.13,34.2 3 2
github.com/jetstack/preflight/cmd/helpers.go:11.33,13.13 2 0
github.com/jetstack/preflight/cmd/helpers.go:13.13,17.3 3 0
github.com/jetstack/preflight/cmd/helpers.go:20.26,24.2 3 0
github.com/jetstack/preflight/cmd/root.go:24.67,26.3 1 1
github.com/jetstack/preflight/cmd/root.go:37.13,38.45 1 2
github.com/jetstack/preflight/cmd/root.go:38.45,40.3 1 4
github.com/jetstack/preflight/cmd/root.go:47.16,51.52 4 1
github.com/jetstack/preflight/cmd/root.go:51.52,54.3 2 0
github.com/jetstack/preflight/cmd/root.go:55.2,55.52 1 1
github.com/jetstack/preflight/cmd/root.go:58.56,60.31 2 4
github.com/jetstack/preflight/cmd/root.go:60.31,62.3 1 0
github.com/jetstack/preflight/cmd/root.go:63.2,63.34 1 4
github.com/jetstack/preflight/cmd/root.go:63.34,65.18 1 42
github.com/jetstack/preflight/cmd/root.go:65.18,67.4 1 0
github.com/jetstack/preflight/cmd/root.go:69.3,71.38 3 42
github.com/jetstack/preflight/cmd/root.go:71.38,73.4 1 0
github.com/jetstack/preflight/cmd/version.go:14.47,16.3 1 0
github.com/jetstack/preflight/cmd/version.go:19.13,28.2 2 2
github.com/jetstack/preflight/pkg/datagatherer/k8s/cache.go:25.34,27.2 1 0
github.com/jetstack/preflight/pkg/datagatherer/k8s/cache.go:34.80,40.2 4 3
github.com/jetstack/preflight/pkg/datagatherer/k8s/cache.go:44.68,46.8 2 44
github.com/jetstack/preflight/pkg/datagatherer/k8s/cache.go:46.8,52.3 3 43
github.com/jetstack/preflight/pkg/datagatherer/k8s/cache.go:53.2,53.40 1 1
github.com/jetstack/preflight/pkg/datagatherer/k8s/cache.go:59.82,61.8 2 8
github.com/jetstack/preflight/pkg/datagatherer/k8s/cache.go:61.8,65.3 3 7
github.com/jetstack/preflight/pkg/datagatherer/k8s/cache.go:66.2,66.46 1 1
github.com/jetstack/preflight/pkg/datagatherer/k8s/cache.go:72.71,74.8 2 10
github.com/jetstack/preflight/pkg/datagatherer/k8s/cache.go:74.8,79.3 4 9
github.com/jetstack/preflight/pkg/datagatherer/k8s/cache.go:80.2,80.43 1 1
github.com/jetstack/preflight/pkg/datagatherer/k8s/cache.go:86.117,92.40 2 16
github.com/jetstack/preflight/pkg/datagatherer/k8s/cache.go:92.40,94.48 2 16
github.com/jetstack/preflight/pkg/datagatherer/k8s/cache.go:94.48,96.4 1 0
github.com/jetstack/preflight/pkg/datagatherer/k8s/cache.go:98.2,98.20 1 16
github.com/jetstack/preflight/pkg/datagatherer/k8s/client.go:16.73,18.16 2 2
github.com/jetstack/preflight/pkg/datagatherer/k8s/client.go:18.16,20.3 1 0
github.com/jetstack/preflight/pkg/datagatherer/k8s/client.go:22.2,23.16 2 2
github.com/jetstack/preflight/pkg/datagatherer/k8s/client.go:23.16,25.3 1 0
github.com/jetstack/preflight/pkg/datagatherer/k8s/client.go:27.2,27.16 1 2
github.com/jetstack/preflight/pkg/datagatherer/k8s/client.go:33.84,35.16 2 2
github.com/jetstack/preflight/pkg/datagatherer/k8s/client.go:35.16,37.3 1 0
github.com/jetstack/preflight/pkg/datagatherer/k8s/client.go:39.2,40.16 2 2
github.com/jetstack/preflight/pkg/datagatherer/k8s/client.go:40.16,42.3 1 0
github.com/jetstack/preflight/pkg/datagatherer/k8s/client.go:44.2,44.29 1 2
github.com/jetstack/preflight/pkg/datagatherer/k8s/client.go:50.72,52.16 2 0
github.com/jetstack/preflight/pkg/datagatherer/k8s/client.go:52.16,54.3 1 0
github.com/jetstack/preflight/pkg/datagatherer/k8s/client.go:56.2,57.16 2 0
github.com/jetstack/preflight/pkg/datagatherer/k8s/client.go:57.16,59.3 1 0
github.com/jetstack/preflight/pkg/datagatherer/k8s/client.go:61.2,61.23 1 0
github.com/jetstack/preflight/pkg/datagatherer/k8s/discovery.go:19.82,24.16 3 0
github.com/jetstack/preflight/pkg/datagatherer/k8s/discovery.go:24.16,26.3 1 0
github.com/jetstack/preflight/pkg/datagatherer/k8s/discovery.go:28.2,30.12 2 0
github.com/jetstack/preflight/pkg/datagatherer/k8s/discovery.go:35.99,37.16 2 0
github.com/jetstack/preflight/pkg/datagatherer/k8s/discovery.go:37.16,39.3 1 0
github.com/jetstack/preflight/pkg/datagatherer/k8s/discovery.go:41.2,41.44 1 0
github.com/jetstack/preflight/pkg/datagatherer/k8s/discovery.go:50.64,53.2 1 0
github.com/jetstack/preflight/pkg/datagatherer/k8s/discovery.go:55.77,58.2 1 0
github.com/jetstack/preflight/pkg/datagatherer/k8s/discovery.go:61.67,63.16 2 0
github.com/jetstack/preflight/pkg/datagatherer/k8s/discovery.go:63.16,65.3 1 0
github.com/jetstack/preflight/pkg/datagatherer/k8s/discovery.go:67.2,72.37 2 0
github.com/jetstack/preflight/pkg/datagatherer/k8s/dynamic.go:49.80,62.16 3 1
github.com/jetstack/preflight/pkg/datagatherer/k8s/dynamic.go:62.16,64.3 1 0
github.com/jetstack/preflight/pkg/datagatherer/k8s/dynamic.go:66.2,74.12 8 1
github.com/jetstack/preflight/pkg/datagatherer/k8s/dynamic.go:78.42,80.66 2 25
github.com/jetstack/preflight/pkg/datagatherer/k8s/dynamic.go:80.66,82.3 1 1
github.com/jetstack/preflight/pkg/datagatherer/k8s/dynamic.go:84.2,84.43 1 25
github.com/jetstack/preflight/pkg/datagatherer/k8s/dynamic.go:84.43,86.3 1 2
github.com/jetstack/preflight/pkg/datagatherer/k8s/dynamic.go:88.2,88.50 1 25
github.com/jetstack/preflight/pkg/datagatherer/k8s/dynamic.go:88.50,89.27 1 4
github.com/jetstack/preflight/pkg/datagatherer/k8s/dynamic.go:89.27,91.4 1 1
github.com/jetstack/preflight/pkg/datagatherer/k8s/dynamic.go:92.3,93.17 2 4
github.com/jetstack/preflight/pkg/datagatherer/k8s/dynamic.go:93.17,95.4 1 1
github.com/jetstack/preflight/pkg/datagatherer/k8s/dynamic.go:98.2,98.19 1 25
github.com/jetstack/preflight/pkg/datagatherer/k8s/dynamic.go:98.19,100.3 1 4
github.com/jetstack/preflight/pkg/datagatherer/k8s/dynamic.go:102.2,102.12 1 21
github.com/jetstack/preflight/pkg/datagatherer/k8s/dynamic.go:111.131,113.3 1 9
github.com/jetstack/preflight/pkg/datagatherer/k8s/dynamic.go:114.132,116.3 1 0
github.com/jetstack/preflight/pkg/datagatherer/k8s/dynamic.go:117.135,119.3 1 0
github.com/jetstack/preflight/pkg/datagatherer/k8s/dynamic.go:120.138,122.3 1 0
github.com/jetstack/preflight/pkg/datagatherer/k8s/dynamic.go:123.137,125.3 1 0
github.com/jetstack/preflight/pkg/datagatherer/k8s/dynamic.go:126.139,128.3 1 0
github.com/jetstack/preflight/pkg/datagatherer/k8s/dynamic.go:129.138,131.3 1 0
github.com/jetstack/preflight/pkg/datagatherer/k8s/dynamic.go:132.138,134.3 1 0
github.com/jetstack/preflight/pkg/datagatherer/k8s/dynamic.go:135.175,137.3 1 0
github.com/jetstack/preflight/pkg/datagatherer/k8s/dynamic.go:138.173,140.3 1 0
github.com/jetstack/preflight/pkg/datagatherer/k8s/dynamic.go:141.132,143.3 1 0
github.com/jetstack/preflight/pkg/datagatherer/k8s/dynamic.go:147.97,148.46 1 0
github.com/jetstack/preflight/pkg/datagatherer/k8s/dynamic.go:148.46,150.17 2 0
github.com/jetstack/preflight/pkg/datagatherer/k8s/dynamic.go:150.17,152.4 1 0
github.com/jetstack/preflight/pkg/datagatherer/k8s/dynamic.go:154.3,154.58 1 0
github.com/jetstack/preflight/pkg/datagatherer/k8s/dynamic.go:155.8,157.17 2 0
github.com/jetstack/preflight/pkg/datagatherer/k8s/dynamic.go:157.17,159.4 1 0
github.com/jetstack/preflight/pkg/datagatherer/k8s/dynamic.go:161.3,161.51 1 0
github.com/jetstack/preflight/pkg/datagatherer/k8s/dynamic.go:165.161,167.37 2 21
github.com/jetstack/preflight/pkg/datagatherer/k8s/dynamic.go:167.37,169.3 1 0
github.com/jetstack/preflight/pkg/datagatherer/k8s/dynamic.go:171.2,176.50 2 21
github.com/jetstack/preflight/pkg/datagatherer/k8s/dynamic.go:176.50,178.3 1 2
github.com/jetstack/preflight/pkg/datagatherer/k8s/dynamic.go:181.2,198.79 3 21
github.com/jetstack/preflight/pkg/datagatherer/k8s/dynamic.go:198.79,202.69 1 9
github.com/jetstack/preflight/pkg/datagatherer/k8s/dynamic.go:202.69,204.5 1 16
github.com/jetstack/preflight/pkg/datagatherer/k8s/dynamic.go:206.3,206.51 1 9
github.com/jetstack/preflight/pkg/datagatherer/k8s/dynamic.go:207.8,212.38 1 12
github.com/jetstack/preflight/pkg/datagatherer/k8s/dynamic.go:212.38,214.5 1 22
github.com/jetstack/preflight/pkg/datagatherer/k8s/dynamic.go:216.3,216.84 1 12
github.com/jetstack/preflight/pkg/datagatherer/k8s/dynamic.go:219.2,220.34 1 21
github.com/jetstack/preflight/pkg/datagatherer/k8s/dynamic.go:220.34,222.4 1 34
github.com/jetstack/preflight/pkg/datagatherer/k8s/dynamic.go:223.48,225.4 1 4
github.com/jetstack/preflight/pkg/datagatherer/k8s/dynamic.go:226.37,228.4 1 6
github.com/jetstack/preflight/pkg/datagatherer/k8s/dynamic.go:232.2,232.16 1 21
github.com/jetstack/preflight/pkg/datagatherer/k8s/dynamic.go:232.16,234.3 1 0
github.com/jetstack/preflight/pkg/datagatherer/k8s/dynamic.go:235.2,237.29 2 21
github.com/jetstack/preflight/pkg/datagatherer/k8s/dynamic.go:272.62,274.23 2 19
github.com/jetstack/preflight/pkg/datagatherer/k8s/dynamic.go:274.23,276.3 1 0
github.com/jetstack/preflight/pkg/datagatherer/k8s/dynamic.go:279.2,279.80 1 19
github.com/jetstack/preflight/pkg/datagatherer/k8s/dynamic.go:279.80,280.99 1 0
github.com/jetstack/preflight/pkg/datagatherer/k8s/dynamic.go:280.99,282.4 1 0
github.com/jetstack/preflight/pkg/datagatherer/k8s/dynamic.go:282.9,284.4 1 0
github.com/jetstack/preflight/pkg/datagatherer/k8s/dynamic.go:286.2,286.16 1 19
github.com/jetstack/preflight/pkg/datagatherer/k8s/dynamic.go:286.16,288.3 1 0
github.com/jetstack/preflight/pkg/datagatherer/k8s/dynamic.go:291.2,293.12 2 19
github.com/jetstack/preflight/pkg/datagatherer/k8s/dynamic.go:301.75,303.70 1 19
github.com/jetstack/preflight/pkg/datagatherer/k8s/dynamic.go:303.70,305.3 1 0
github.com/jetstack/preflight/pkg/datagatherer/k8s/dynamic.go:307.2,307.12 1 19
github.com/jetstack/preflight/pkg/datagatherer/k8s/dynamic.go:312.65,313.43 1 19
github.com/jetstack/preflight/pkg/datagatherer/k8s/dynamic.go:313.43,315.3 1 0
github.com/jetstack/preflight/pkg/datagatherer/k8s/dynamic.go:317.2,321.31 4 19
github.com/jetstack/preflight/pkg/datagatherer/k8s/dynamic.go:321.31,324.3 1 2
github.com/jetstack/preflight/pkg/datagatherer/k8s/dynamic.go:327.2,328.39 2 19
github.com/jetstack/preflight/pkg/datagatherer/k8s/dynamic.go:328.39,331.63 2 33
github.com/jetstack/preflight/pkg/datagatherer/k8s/dynamic.go:331.63,333.55 2 33
github.com/jetstack/preflight/pkg/datagatherer/k8s/dynamic.go:333.55,335.5 1 32
github.com/jetstack/preflight/pkg/datagatherer/k8s/dynamic.go:336.4,336.12 1 33
github.com/jetstack/preflight/pkg/datagatherer/k8s/dynamic.go:338.3,338.64 1 0
github.com/jetstack/preflight/pkg/datagatherer/k8s/dynamic.go:342.2,343.16 2 19
github.com/jetstack/preflight/pkg/datagatherer/k8s/dynamic.go:343.16,345.3 1 0
github.com/jetstack/preflight/pkg/datagatherer/k8s/dynamic.go:348.2,350.30 2 19
github.com/jetstack/preflight/pkg/datagatherer/k8s/dynamic.go:353.106,354.22 1 19
github.com/jetstack/preflight/pkg/datagatherer/k8s/dynamic.go:354.22,355.68 1 32
github.com/jetstack/preflight/pkg/datagatherer/k8s/dynamic.go:355.68,358.18 2 17
github.com/jetstack/preflight/pkg/datagatherer/k8s/dynamic.go:358.18,360.5 1 0
github.com/jetstack/preflight/pkg/datagatherer/k8s/dynamic.go:362.4,365.29 2 17
github.com/jetstack/preflight/pkg/datagatherer/k8s/dynamic.go:365.29,367.73 1 17
github.com/jetstack/preflight/pkg/datagatherer/k8s/dynamic.go:367.73,368.67 1 5
github.com/jetstack/preflight/pkg/datagatherer/k8s/dynamic.go:368.67,370.7 1 0
github.com/jetstack/preflight/pkg/datagatherer/k8s/dynamic.go:373.11,373.72 1 12
github.com/jetstack/preflight/pkg/datagatherer/k8s/dynamic.go:373.72,374.66 1 0
github.com/jetstack/preflight/pkg/datagatherer/k8s/dynamic.go:374.66,376.7 1 0
github.com/jetstack/preflight/pkg/datagatherer/k8s/dynamic.go:381.4,386.12 4 17
github.com/jetstack/preflight/pkg/datagatherer/k8s/dynamic.go:391.3,394.52 2 15
github.com/jetstack/preflight/pkg/datagatherer/k8s/dynamic.go:394.52,403.18 7 15
github.com/jetstack/preflight/pkg/datagatherer/k8s/dynamic.go:403.18,405.5 1 0
github.com/jetstack/preflight/pkg/datagatherer/k8s/dynamic.go:409.4,409.29 1 15
github.com/jetstack/preflight/pkg/datagatherer/k8s/dynamic.go:409.29,410.27 1 15
github.com/jetstack/preflight/pkg/datagatherer/k8s/dynamic.go:410.27,411.14 1 0
github.com/jetstack/preflight/pkg/datagatherer/k8s/dynamic.go:413.5,413.75 1 15
github.com/jetstack/preflight/pkg/datagatherer/k8s/dynamic.go:413.75,414.14 1 0
github.com/jetstack/preflight/pkg/datagatherer/k8s/dynamic.go:416.5,417.10 2 15
github.com/jetstack/preflight/pkg/datagatherer/k8s/dynamic.go:420.4,420.12 1 15
github.com/jetstack/preflight/pkg/datagatherer/k8s/dynamic.go:423.2,423.12 1 19
github.com/jetstack/preflight/pkg/datagatherer/k8s/dynamic.go:427.78,428.21 1 35
github.com/jetstack/preflight/pkg/datagatherer/k8s/dynamic.go:428.21,429.52 1 16
github.com/jetstack/preflight/pkg/datagatherer/k8s/dynamic.go:429.52,430.40 1 15
github.com/jetstack/preflight/pkg/datagatherer/k8s/dynamic.go:430.40,432.5 1 7
github.com/jetstack/preflight/pkg/datagatherer/k8s/dynamic.go:465.107,467.16 2 44
github.com/jetstack/preflight/pkg/datagatherer/k8s/dynamic.go:467.16,469.3 1 1
github.com/jetstack/preflight/pkg/datagatherer/k8s/dynamic.go:470.2,470.9 1 43
github.com/jetstack/preflight/pkg/datagatherer/k8s/dynamic.go:470.9,472.3 1 31
github.com/jetstack/preflight/pkg/datagatherer/k8s/dynamic.go:476.2,476.22 1 12
github.com/jetstack/preflight/pkg/datagatherer/k8s/dynamic.go:476.22,478.3 1 1
github.com/jetstack/preflight/pkg/datagatherer/k8s/dynamic.go:484.2,485.9 2 11
github.com/jetstack/preflight/pkg/datagatherer/k8s/dynamic.go:485.9,487.3 1 1
github.com/jetstack/preflight/pkg/datagatherer/k8s/dynamic.go:489.2,489.26 1 10
github.com/jetstack/preflight/pkg/datagatherer/k8s/dynamic.go:489.26,490.47 1 13
github.com/jetstack/preflight/pkg/datagatherer/k8s/dynamic.go:490.47,491.40 1 14
github.com/jetstack/preflight/pkg/datagatherer/k8s/dynamic.go:491.40,493.5 1 8
github.com/jetstack/preflight/pkg/datagatherer/k8s/dynamic.go:500.90,502.53 2 24
github.com/jetstack/preflight/pkg/datagatherer/k8s/dynamic.go:502.53,503.29 1 5
github.com/jetstack/preflight/pkg/datagatherer/k8s/dynamic.go:503.29,504.12 1 1
github.com/jetstack/preflight/pkg/datagatherer/k8s/dynamic.go:506.3,506.104 1 4
github.com/jetstack/preflight/pkg/datagatherer/k8s/dynamic.go:508.2,508.42 1 24
github.com/jetstack/preflight/pkg/datagatherer/k8s/dynamic.go:511.70,512.42 1 33
github.com/jetstack/preflight/pkg/datagatherer/k8s/dynamic.go:512.42,514.3 1 26
github.com/jetstack/preflight/pkg/datagatherer/k8s/dynamic.go:515.2,515.37 1 7
github.com/jetstack/preflight/pkg/datagatherer/k8s/dynamic.go:515.37,516.27 1 7
github.com/jetstack/preflight/pkg/datagatherer/k8s/dynamic.go:516.27,518.4 1 6
github.com/jetstack/preflight/pkg/datagatherer/k8s/dynamic.go:520.2,520.14 1 1
github.com/jetstack/preflight/pkg/datagatherer/k8s/dynamic.go:523.61,526.2 2 0
github.com/jetstack/preflight/pkg/datagatherer/k8s/fieldfilter.go:59.76,64.31 2 8
github.com/jetstack/preflight/pkg/datagatherer/k8s/fieldfilter.go:64.31,66.17 2 93
github.com/jetstack/preflight/pkg/datagatherer/k8s/fieldfilter.go:66.17,68.4 1 0
github.com/jetstack/preflight/pkg/datagatherer/k8s/fieldfilter.go:69.3,69.13 1 93
github.com/jetstack/preflight/pkg/datagatherer/k8s/fieldfilter.go:69.13,70.12 1 36
github.com/jetstack/preflight/pkg/datagatherer/k8s/fieldfilter.go:72.3,72.90 1 57
github.com/jetstack/preflight/pkg/datagatherer/k8s/fieldfilter.go:72.90,74.4 1 0
github.com/jetstack/preflight/pkg/datagatherer/k8s/fieldfilter.go:77.2,79.12 2 8
github.com/jetstack/preflight/pkg/datagatherer/k8s/fieldfilter.go:83.70,84.31 1 20
github.com/jetstack/preflight/pkg/datagatherer/k8s/fieldfilter.go:84.31,86.3 1 39
github.com/jetstack/preflight/pkg/agent/config.go:108.46,111.25 2 2
github.com/jetstack/preflight/pkg/agent/config.go:111.25,113.3 1 0
github.com/jetstack/preflight/pkg/agent/config.go:115.2,115.37 1 2
github.com/jetstack/preflight/pkg/agent/config.go:115.37,117.3 1 0
github.com/jetstack/preflight/pkg/agent/config.go:119.2,119.29 1 2
github.com/jetstack/preflight/pkg/agent/config.go:206.62,235.71 5 36
github.com/jetstack/preflight/pkg/agent/config.go:235.71,236.13 1 0
github.com/jetstack/preflight/pkg/agent/config.go:238.2,339.109 16 36
github.com/jetstack/preflight/pkg/agent/config.go:339.109,340.13 1 0
github.com/jetstack/preflight/pkg/agent/config.go:346.2,352.70 2 36
github.com/jetstack/preflight/pkg/agent/config.go:352.70,353.13 1 0
github.com/jetstack/preflight/pkg/agent/config.go:427.120,430.26 2 38
github.com/jetstack/preflight/pkg/agent/config.go:430.26,431.51 1 2
github.com/jetstack/preflight/pkg/agent/config.go:431.51,433.4 1 0
github.com/jetstack/preflight/pkg/agent/config.go:435.3,440.140 5 2
github.com/jetstack/preflight/pkg/agent/config.go:443.2,449.10 2 38
github.com/jetstack/preflight/pkg/agent/config.go:450.61,453.67 3 8
github.com/jetstack/preflight/pkg/agent/config.go:454.59,455.34 1 8
github.com/jetstack/preflight/pkg/agent/config.go:455.34,457.5 1 1
github.com/jetstack/preflight/pkg/agent/config.go:458.4,458.28 1 7
github.com/jetstack/preflight/pkg/agent/config.go:458.28,460.5 1 1
github.com/jetstack/preflight/pkg/agent/config.go:462.4,464.93 3 6
github.com/jetstack/preflight/pkg/agent/config.go:465.32,468.59 3 5
github.com/jetstack/preflight/pkg/agent/config.go:469.29,471.40 2 0
github.com/jetstack/preflight/pkg/agent/config.go:472.62,474.70 2 15
github.com/jetstack/preflight/pkg/agent/config.go:475.11,476.29 1 2
github.com/jetstack/preflight/pkg/agent/config.go:476.29,484.5 1 1
github.com/jetstack/preflight/pkg/agent/config.go:486.4,486.14 1 1
github.com/jetstack/preflight/pkg/agent/config.go:489.3,490.18 2 35
github.com/jetstack/preflight/pkg/agent/config.go:490.18,492.4 1 34
github.com/jetstack/preflight/pkg/agent/config.go:494.3,494.23 1 35
github.com/jetstack/preflight/pkg/agent/config.go:497.2,500.26 2 35
github.com/jetstack/preflight/pkg/agent/config.go:500.26,506.10 5 34
github.com/jetstack/preflight/pkg/agent/config.go:507.44,508.23 1 24
github.com/jetstack/preflight/pkg/agent/config.go:509.43,513.23 2 0
github.com/jetstack/preflight/pkg/agent/config.go:514.44,516.55 2 1
github.com/jetstack/preflight/pkg/agent/config.go:516.55,518.5 1 1
github.com/jetstack/preflight/pkg/agent/config.go:519.4,520.36 2 1
github.com/jetstack/preflight/pkg/agent/config.go:521.45,523.43 2 9
github.com/jetstack/preflight/pkg/agent/config.go:523.43,526.5 1 5
github.com/jetstack/preflight/pkg/agent/config.go:528.3,529.44 2 34
github.com/jetstack/preflight/pkg/agent/config.go:529.44,531.4 1 1
github.com/jetstack/preflight/pkg/agent/config.go:532.3,532.67 1 34
github.com/jetstack/preflight/pkg/agent/config.go:532.67,535.4 2 5
github.com/jetstack/preflight/pkg/agent/config.go:536.3,537.34 2 34
github.com/jetstack/preflight/pkg/agent/config.go:541.2,543.24 2 35
github.com/jetstack/preflight/pkg/agent/config.go:544.27,545.66 1 14
github.com/jetstack/preflight/pkg/agent/config.go:545.66,547.10 2 3
github.com/jetstack/preflight/pkg/agent/config.go:549.4,550.21 2 11
github.com/jetstack/preflight/pkg/agent/config.go:550.21,552.10 2 0
github.com/jetstack/preflight/pkg/agent/config.go:555.4,555.43 1 11
github.com/jetstack/preflight/pkg/agent/config.go:556.36,562.66 1 5
github.com/jetstack/preflight/pkg/agent/config.go:562.66,564.5 1 1
github.com/jetstack/preflight/pkg/agent/config.go:565.4,565.19 1 5
github.com/jetstack/preflight/pkg/agent/config.go:567.3,567.30 1 35
github.com/jetstack/preflight/pkg/agent/config.go:579.2,580.65 1 35
github.com/jetstack/preflight/pkg/agent/config.go:580.65,582.4 1 5
github.com/jetstack/preflight/pkg/agent/config.go:586.2,586.26 1 35
github.com/jetstack/preflight/pkg/agent/config.go:586.26,589.24 3 34
github.com/jetstack/preflight/pkg/agent/config.go:590.56,591.27 1 19
github.com/jetstack/preflight/pkg/agent/config.go:591.27,593.5 1 2
github.com/jetstack/preflight/pkg/agent/config.go:594.4,594.29 1 19
github.com/jetstack/preflight/pkg/agent/config.go:595.52,596.32 1 15
github.com/jetstack/preflight/pkg/agent/config.go:596.32,598.5 1 1
github.com/jetstack/preflight/pkg/agent/config.go:599.4,599.27 1 15
github.com/jetstack/preflight/pkg/agent/config.go:599.27,601.5 1 1
github.com/jetstack/preflight/pkg/agent/config.go:602.4,603.29 2 15
github.com/jetstack/preflight/pkg/agent/config.go:605.3,610.70 4 34
github.com/jetstack/preflight/pkg/agent/config.go:610.70,612.4 1 0
github.com/jetstack/preflight/pkg/agent/config.go:613.3,613.40 1 34
github.com/jetstack/preflight/pkg/agent/config.go:619.2,621.10 2 35
github.com/jetstack/preflight/pkg/agent/config.go:622.22,622.22 0 0
github.com/jetstack/preflight/pkg/agent/config.go:624.45,625.137 1 2
github.com/jetstack/preflight/pkg/agent/config.go:626.44,628.23 2 27
github.com/jetstack/preflight/pkg/agent/config.go:629.44,630.25 1 5
github.com/jetstack/preflight/pkg/agent/config.go:631.43,634.25 2 1
github.com/jetstack/preflight/pkg/agent/config.go:636.3,639.36 4 35
github.com/jetstack/preflight/pkg/agent/config.go:643.2,644.27 2 35
github.com/jetstack/preflight/pkg/agent/config.go:644.27,647.17 3 32
github.com/jetstack/preflight/pkg/agent/config.go:647.17,649.4 1 1
github.com/jetstack/preflight/pkg/agent/config.go:651.2,654.50 2 35
github.com/jetstack/preflight/pkg/agent/config.go:654.50,657.28 3 5
github.com/jetstack/preflight/pkg/agent/config.go:657.28,659.4 1 5
github.com/jetstack/preflight/pkg/agent/config.go:660.3,660.28 1 5
github.com/jetstack/preflight/pkg/agent/config.go:665.2,668.29 3 35
github.com/jetstack/preflight/pkg/agent/config.go:668.29,670.4 1 0
github.com/jetstack/preflight/pkg/agent/config.go:671.3,671.28 1 35
github.com/jetstack/preflight/pkg/agent/config.go:671.28,673.4 1 0
github.com/jetstack/preflight/pkg/agent/config.go:678.2,679.56 1 35
github.com/jetstack/preflight/pkg/agent/config.go:679.56,681.18 2 0
github.com/jetstack/preflight/pkg/agent/config.go:681.18,683.13 2 0
github.com/jetstack/preflight/pkg/agent/config.go:685.4,685.78 1 0
github.com/jetstack/preflight/pkg/agent/config.go:687.3,687.51 1 35
github.com/jetstack/preflight/pkg/agent/config.go:687.51,689.18 2 0
github.com/jetstack/preflight/pkg/agent/config.go:689.18,691.13 2 0
github.com/jetstack/preflight/pkg/agent/config.go:693.4,693.68 1 0
github.com/jetstack/preflight/pkg/agent/config.go:697.2,697.17 1 35
github.com/jetstack/preflight/pkg/agent/config.go:697.17,699.3 1 9
github.com/jetstack/preflight/pkg/agent/config.go:701.2,702.16 2 26
github.com/jetstack/preflight/pkg/agent/config.go:702.16,704.3 1 2
github.com/jetstack/preflight/pkg/agent/config.go:706.2,706.34 1 24
github.com/jetstack/preflight/pkg/agent/config.go:715.171,720.23 4 26
github.com/jetstack/preflight/pkg/agent/config.go:721.27,725.17 2 11
github.com/jetstack/preflight/pkg/agent/config.go:725.17,727.9 2 1
github.com/jetstack/preflight/pkg/agent/config.go:730.3,731.17 2 10
github.com/jetstack/preflight/pkg/agent/config.go:731.17,733.9 2 1
github.com/jetstack/preflight/pkg/agent/config.go:736.3,737.17 2 9
github.com/jetstack/preflight/pkg/agent/config.go:737.17,739.4 1 0
github.com/jetstack/preflight/pkg/agent/config.go:740.26,743.54 2 10
github.com/jetstack/preflight/pkg/agent/config.go:743.54,745.9 2 0
github.com/jetstack/preflight/pkg/agent/config.go:747.3,747.60 1 10
github.com/jetstack/preflight/pkg/agent/config.go:747.60,749.9 2 0
github.com/jetstack/preflight/pkg/agent/config.go:751.3,751.82 1 10
github.com/jetstack/preflight/pkg/agent/config.go:751.82,753.9 2 0
github.com/jetstack/preflight/pkg/agent/config.go:756.3,756.10 1 10
github.com/jetstack/preflight/pkg/agent/config.go:757.55,763.5 1 6
github.com/jetstack/preflight/pkg/agent/config.go:764.34,766.18 2 4
github.com/jetstack/preflight/pkg/agent/config.go:766.18,768.10 2 0
github.com/jetstack/preflight/pkg/agent/config.go:770.4,771.18 2 4
github.com/jetstack/preflight/pkg/agent/config.go:771.18,773.10 2 0
github.com/jetstack/preflight/pkg/agent/config.go:775.11,776.130 1 0
github.com/jetstack/preflight/pkg/agent/config.go:781.3,789.17 5 10
github.com/jetstack/preflight/pkg/agent/config.go:789.17,791.4 1 0
github.com/jetstack/preflight/pkg/agent/config.go:792.35,795.17 3 4
github.com/jetstack/preflight/pkg/agent/config.go:795.17,797.9 2 0
github.com/jetstack/preflight/pkg/agent/config.go:800.3,801.17 2 4
github.com/jetstack/preflight/pkg/agent/config.go:801.17,803.4 1 0
github.com/jetstack/preflight/pkg/agent/config.go:804.30,807.17 3 0
github.com/jetstack/preflight/pkg/agent/config.go:807.17,809.4 1 0
github.com/jetstack/preflight/pkg/agent/config.go:810.11,810.11 0 1
github.com/jetstack/preflight/pkg/agent/config.go:812.10,813.88 1 0
github.com/jetstack/preflight/pkg/agent/config.go:816.2,816.17 1 26
github.com/jetstack/preflight/pkg/agent/config.go:816.17,818.3 1 2
github.com/jetstack/preflight/pkg/agent/config.go:820.2,820.29 1 24
github.com/jetstack/preflight/pkg/agent/config.go:830.64,832.34 2 36
github.com/jetstack/preflight/pkg/agent/config.go:832.34,833.19 1 9
github.com/jetstack/preflight/pkg/agent/config.go:833.19,835.4 1 0
github.com/jetstack/preflight/pkg/agent/config.go:836.3,836.19 1 9
github.com/jetstack/preflight/pkg/agent/config.go:836.19,838.4 1 1
github.com/jetstack/preflight/pkg/agent/config.go:841.2,841.12 1 36
github.com/jetstack/preflight/pkg/agent/config.go:845.46,847.14 2 32
github.com/jetstack/preflight/pkg/agent/config.go:847.14,849.3 1 31
github.com/jetstack/preflight/pkg/agent/config.go:851.2,851.215 1 1
github.com/jetstack/preflight/pkg/agent/config.go:854.73,856.16 2 10
github.com/jetstack/preflight/pkg/agent/config.go:856.16,858.3 1 0
github.com/jetstack/preflight/pkg/agent/config.go:860.2,861.16 2 10
github.com/jetstack/preflight/pkg/agent/config.go:861.16,863.3 1 0
github.com/jetstack/preflight/pkg/agent/config.go:865.2,865.12 1 10
github.com/jetstack/preflight/pkg/agent/config.go:869.80,877.16 3 13
github.com/jetstack/preflight/pkg/agent/config.go:877.16,879.3 1 0
github.com/jetstack/preflight/pkg/agent/config.go:881.2,887.17 5 13
github.com/jetstack/preflight/pkg/agent/config.go:888.13,889.29 1 1
github.com/jetstack/preflight/pkg/agent/config.go:890.21,891.29 1 1
github.com/jetstack/preflight/pkg/agent/config.go:892.23,893.31 1 1
github.com/jetstack/preflight/pkg/agent/config.go:894.15,895.24 1 1
github.com/jetstack/preflight/pkg/agent/config.go:897.15,898.23 1 6
github.com/jetstack/preflight/pkg/agent/config.go:899.10,900.99 1 3
github.com/jetstack/preflight/pkg/agent/config.go:904.2,905.16 2 10
github.com/jetstack/preflight/pkg/agent/config.go:905.16,907.3 1 0
github.com/jetstack/preflight/pkg/agent/config.go:909.2,911.12 2 10
github.com/jetstack/preflight/pkg/agent/config.go:915.41,918.16 2 0
github.com/jetstack/preflight/pkg/agent/config.go:918.16,920.3 1 0
github.com/jetstack/preflight/pkg/agent/config.go:922.2,922.23 1 0
github.com/jetstack/preflight/pkg/agent/config.go:928.47,932.16 3 46
github.com/jetstack/preflight/pkg/agent/config.go:932.16,934.3 1 4
github.com/jetstack/preflight/pkg/agent/config.go:936.2,936.20 1 42
github.com/jetstack/preflight/pkg/agent/config.go:946.55,948.16 2 15
github.com/jetstack/preflight/pkg/agent/config.go:948.16,950.3 1 1
github.com/jetstack/preflight/pkg/agent/config.go:951.2,954.16 3 14
github.com/jetstack/preflight/pkg/agent/config.go:954.16,956.3 1 0
github.com/jetstack/preflight/pkg/agent/config.go:958.2,958.15 1 14
github.com/jetstack/preflight/pkg/agent/dummy_data_gatherer.go:16.95,17.25 1 0
github.com/jetstack/preflight/pkg/agent/dummy_data_gatherer.go:17.25,19.3 1 0
github.com/jetstack/preflight/pkg/agent/dummy_data_gatherer.go:20.2,23.8 1 0
github.com/jetstack/preflight/pkg/agent/dummy_data_gatherer.go:32.60,35.2 1 0
github.com/jetstack/preflight/pkg/agent/dummy_data_gatherer.go:37.73,40.2 1 0
github.com/jetstack/preflight/pkg/agent/dummy_data_gatherer.go:42.63,44.40 2 0
github.com/jetstack/preflight/pkg/agent/dummy_data_gatherer.go:44.40,46.3 1 0
github.com/jetstack/preflight/pkg/agent/dummy_data_gatherer.go:47.2,47.18 1 0
github.com/jetstack/preflight/pkg/agent/dummy_data_gatherer.go:47.18,49.3 1 0
github.com/jetstack/preflight/pkg/agent/dummy_data_gatherer.go:50.2,51.21 2 0
github.com/jetstack/preflight/pkg/agent/run.go:53.63,61.16 6 0
github.com/jetstack/preflight/pkg/agent/run.go:61.16,63.3 1 0
github.com/jetstack/preflight/pkg/agent/run.go:64.2,67.16 3 0
github.com/jetstack/preflight/pkg/agent/run.go:67.16,69.3 1 0
github.com/jetstack/preflight/pkg/agent/run.go:71.2,72.16 2 0
github.com/jetstack/preflight/pkg/agent/run.go:72.16,74.3 1 0
github.com/jetstack/preflight/pkg/agent/run.go:76.2,77.16 2 0
github.com/jetstack/preflight/pkg/agent/run.go:77.16,79.3 1 0
github.com/jetstack/preflight/pkg/agent/run.go:81.2,82.15 2 0
github.com/jetstack/preflight/pkg/agent/run.go:82.15,84.48 2 0
github.com/jetstack/preflight/pkg/agent/run.go:84.48,89.4 1 0
github.com/jetstack/preflight/pkg/agent/run.go:92.2,97.22 4 0
github.com/jetstack/preflight/pkg/agent/run.go:97.22,104.4 6 0
github.com/jetstack/preflight/pkg/agent/run.go:106.3,106.23 1 0
github.com/jetstack/preflight/pkg/agent/run.go:106.23,110.4 3 0
github.com/jetstack/preflight/pkg/agent/run.go:116.3,117.78 2 0
github.com/jetstack/preflight/pkg/agent/run.go:117.78,119.4 1 0
github.com/jetstack/preflight/pkg/agent/run.go:120.3,121.77 2 0
github.com/jetstack/preflight/pkg/agent/run.go:121.77,123.4 1 0
github.com/jetstack/preflight/pkg/agent/run.go:125.3,125.25 1 0
github.com/jetstack/preflight/pkg/agent/run.go:125.25,131.56 1 0
github.com/jetstack/preflight/pkg/agent/run.go:131.56,133.7 1 0
github.com/jetstack/preflight/pkg/agent/run.go:136.4,136.18 1 0
github.com/jetstack/preflight/pkg/agent/run.go:136.18,138.5 1 0
github.com/jetstack/preflight/pkg/agent/run.go:139.4,139.14 1 0
github.com/jetstack/preflight/pkg/agent/run.go:143.2,144.15 2 0
github.com/jetstack/preflight/pkg/agent/run.go:144.15,145.25 1 0
github.com/jetstack/preflight/pkg/agent/run.go:145.25,147.18 2 0
github.com/jetstack/preflight/pkg/agent/run.go:147.18,149.5 1 0
github.com/jetstack/preflight/pkg/agent/run.go:152.4,153.14 2 0
github.com/jetstack/preflight/pkg/agent/run.go:159.2,160.16 2 0
github.com/jetstack/preflight/pkg/agent/run.go:160.16,162.3 1 0
github.com/jetstack/preflight/pkg/agent/run.go:164.2,167.48 2 0
github.com/jetstack/preflight/pkg/agent/run.go:167.48,169.30 2 0
github.com/jetstack/preflight/pkg/agent/run.go:169.30,172.4 2 0
github.com/jetstack/preflight/pkg/agent/run.go:174.3,175.17 2 0
github.com/jetstack/preflight/pkg/agent/run.go:175.17,177.4 1 0
github.com/jetstack/preflight/pkg/agent/run.go:179.3,180.24 2 0
github.com/jetstack/preflight/pkg/agent/run.go:180.24,183.4 2 0
github.com/jetstack/preflight/pkg/agent/run.go:185.3,188.25 2 0
github.com/jetstack/preflight/pkg/agent/run.go:188.25,194.42 1 0
github.com/jetstack/preflight/pkg/agent/run.go:194.42,196.5 1 0
github.com/jetstack/preflight/pkg/agent/run.go:197.4,197.14 1 0
github.com/jetstack/preflight/pkg/agent/run.go:204.3,204.39 1 0
github.com/jetstack/preflight/pkg/agent/run.go:214.2,218.48 4 0
github.com/jetstack/preflight/pkg/agent/run.go:218.48,223.54 2 0
github.com/jetstack/preflight/pkg/agent/run.go:223.54,225.47 1 0
github.com/jetstack/preflight/pkg/agent/run.go:225.47,227.5 1 0
github.com/jetstack/preflight/pkg/agent/run.go:227.10,229.5 1 0
github.com/jetstack/preflight/pkg/agent/run.go:232.2,232.26 1 0
github.com/jetstack/preflight/pkg/agent/run.go:232.26,234.3 1 0
github.com/jetstack/preflight/pkg/agent/run.go:241.2,241.6 1 0
github.com/jetstack/preflight/pkg/agent/run.go:241.6,242.120 1 0
github.com/jetstack/preflight/pkg/agent/run.go:242.120,244.4 1 0
github.com/jetstack/preflight/pkg/agent/run.go:246.3,246.21 1 0
github.com/jetstack/preflight/pkg/agent/run.go:246.21,247.9 1 0
github.com/jetstack/preflight/pkg/agent/run.go:250.3,250.10 1 0
github.com/jetstack/preflight/pkg/agent/run.go:251.22,252.14 1 0
github.com/jetstack/preflight/pkg/agent/run.go:253.36,253.36 0 0
github.com/jetstack/preflight/pkg/agent/run.go:256.2,256.12 1 0
github.com/jetstack/preflight/pkg/agent/run.go:263.67,265.16 2 0
github.com/jetstack/preflight/pkg/agent/run.go:265.16,267.3 1 0
github.com/jetstack/preflight/pkg/agent/run.go:268.2,272.33 4 0
github.com/jetstack/preflight/pkg/agent/run.go:272.33,273.69 1 0
github.com/jetstack/preflight/pkg/agent/run.go:273.70,273.71 0 0
github.com/jetstack/preflight/pkg/agent/run.go:274.3,274.120 1 0
github.com/jetstack/preflight/pkg/agent/run.go:275.8,279.17 3 0
github.com/jetstack/preflight/pkg/agent/run.go:279.17,281.4 1 0
github.com/jetstack/preflight/pkg/agent/run.go:282.3,285.69 4 0
github.com/jetstack/preflight/pkg/agent/run.go:285.69,287.4 1 0
github.com/jetstack/preflight/pkg/agent/run.go:290.2,290.20 1 0
github.com/jetstack/preflight/pkg/agent/run.go:296.174,300.28 3 0
github.com/jetstack/preflight/pkg/agent/run.go:300.28,303.17 3 0
github.com/jetstack/preflight/pkg/agent/run.go:303.17,305.4 1 0
github.com/jetstack/preflight/pkg/agent/run.go:306.3,307.17 2 0
github.com/jetstack/preflight/pkg/agent/run.go:307.17,309.4 1 0
github.com/jetstack/preflight/pkg/agent/run.go:310.8,313.17 3 0
github.com/jetstack/preflight/pkg/agent/run.go:313.17,315.4 1 0
github.com/jetstack/preflight/pkg/agent/run.go:318.2,318.29 1 0
github.com/jetstack/preflight/pkg/agent/run.go:318.29,320.17 2 0
github.com/jetstack/preflight/pkg/agent/run.go:320.17,322.4 1 0
github.com/jetstack/preflight/pkg/agent/run.go:323.3,324.17 2 0
github.com/jetstack/preflight/pkg/agent/run.go:324.17,326.4 1 0
github.com/jetstack/preflight/pkg/agent/run.go:327.3,327.72 1 0
github.com/jetstack/preflight/pkg/agent/run.go:328.8,335.71 5 0
github.com/jetstack/preflight/pkg/agent/run.go:335.71,338.4 2 0
github.com/jetstack/preflight/pkg/agent/run.go:340.3,340.28 1 0
github.com/jetstack/preflight/pkg/agent/run.go:340.28,341.32 1 0
github.com/jetstack/preflight/pkg/agent/run.go:341.32,344.5 2 0
github.com/jetstack/preflight/pkg/agent/run.go:346.4,346.26 1 0
github.com/jetstack/preflight/pkg/agent/run.go:346.26,349.5 2 0
github.com/jetstack/preflight/pkg/agent/run.go:352.3,352.30 1 0
github.com/jetstack/preflight/pkg/agent/run.go:352.30,353.32 1 0
github.com/jetstack/preflight/pkg/agent/run.go:353.32,355.5 1 0
github.com/jetstack/preflight/pkg/agent/run.go:357.4,357.26 1 0
github.com/jetstack/preflight/pkg/agent/run.go:357.26,360.5 2 0
github.com/jetstack/preflight/pkg/agent/run.go:363.3,364.22 2 0
github.com/jetstack/preflight/pkg/agent/run.go:364.22,366.4 1 0
github.com/jetstack/preflight/pkg/agent/run.go:368.2,368.12 1 0
github.com/jetstack/preflight/pkg/agent/run.go:371.141,377.35 4 0
github.com/jetstack/preflight/pkg/agent/run.go:377.35,379.17 2 0
github.com/jetstack/preflight/pkg/agent/run.go:379.17,382.12 2 0
github.com/jetstack/preflight/pkg/agent/run.go:384.3,388.18 2 0
github.com/jetstack/preflight/pkg/agent/run.go:388.18,390.5 1 0
github.com/jetstack/preflight/pkg/agent/run.go:391.4,391.62 1 0
github.com/jetstack/preflight/pkg/agent/run.go:393.3,399.5 1 0
github.com/jetstack/preflight/pkg/agent/run.go:402.2,402.20 1 0
github.com/jetstack/preflight/pkg/agent/run.go:402.20,403.49 1 0
github.com/jetstack/preflight/pkg/agent/run.go:403.49,405.27 2 0
github.com/jetstack/preflight/pkg/agent/run.go:405.27,407.5 1 0
github.com/jetstack/preflight/pkg/agent/run.go:408.4,410.43 1 0
github.com/jetstack/preflight/pkg/agent/run.go:414.2,414.54 1 0
github.com/jetstack/preflight/pkg/agent/run.go:414.54,416.3 1 0
github.com/jetstack/preflight/pkg/agent/run.go:418.2,418.22 1 0
github.com/jetstack/preflight/pkg/agent/run.go:421.125,427.26 4 0
github.com/jetstack/preflight/pkg/agent/run.go:428.55,434.17 2 0
github.com/jetstack/preflight/pkg/agent/run.go:434.17,436.4 1 0
github.com/jetstack/preflight/pkg/agent/run.go:437.3,439.13 2 0
github.com/jetstack/preflight/pkg/agent/run.go:441.51,446.17 2 0
github.com/jetstack/preflight/pkg/agent/run.go:446.17,448.4 1 0
github.com/jetstack/preflight/pkg/agent/run.go:449.3,451.13 2 0
github.com/jetstack/preflight/pkg/agent/run.go:453.10,454.69 1 0
github.com/jetstack/preflight/pkg/agent/run.go:466.69,472.12 4 0
github.com/jetstack/preflight/pkg/agent/run.go:472.12,475.3 2 0
github.com/jetstack/preflight/pkg/agent/run.go:477.2,477.9 1 0
github.com/jetstack/preflight/pkg/agent/run.go:478.26,480.34 2 0
github.com/jetstack/preflight/pkg/agent/run.go:482.20,483.42 1 0
github.com/jetstack/preflight/pkg/agent/run.go:486.2,489.24 4 0
github.com/jetstack/preflight/pkg/agent/run.go:489.24,491.3 1 0
github.com/jetstack/preflight/pkg/agent/run.go:493.2,494.21 2 0
github.com/jetstack/preflight/pkg/agent/run.go:494.21,496.3 1 0
github.com/jetstack/preflight/pkg/agent/run.go:498.2,500.43 2 0
github.com/jetstack/preflight/pkg/client/client.go:41.43,43.35 2 1
github.com/jetstack/preflight/pkg/client/client.go:43.35,45.3 1 0
github.com/jetstack/preflight/pkg/client/client.go:46.2,46.35 1 1
github.com/jetstack/preflight/pkg/client/client.go:46.35,48.3 1 1
github.com/jetstack/preflight/pkg/client/client.go:49.2,49.41 1 1
github.com/jetstack/preflight/pkg/client/client_api_token.go:32.109,33.19 1 0
github.com/jetstack/preflight/pkg/client/client_api_token.go:33.19,35.3 1 0
github.com/jetstack/preflight/pkg/client/client_api_token.go:37.2,45.8 1 0
github.com/jetstack/preflight/pkg/client/client_api_token.go:50.124,52.2 1 0
github.com/jetstack/preflight/pkg/client/client_api_token.go:56.124,63.16 3 0
github.com/jetstack/preflight/pkg/client/client_api_token.go:63.16,65.3 1 0
github.com/jetstack/preflight/pkg/client/client_api_token.go:67.2,68.16 2 0
github.com/jetstack/preflight/pkg/client/client_api_token.go:68.16,70.3 1 0
github.com/jetstack/preflight/pkg/client/client_api_token.go:71.2,73.55 2 0
github.com/jetstack/preflight/pkg/client/client_api_token.go:73.55,76.17 3 0
github.com/jetstack/preflight/pkg/client/client_api_token.go:76.17,78.4 1 0
github.com/jetstack/preflight/pkg/client/client_api_token.go:80.3,80.93 1 0
github.com/jetstack/preflight/pkg/client/client_api_token.go:83.2,83.12 1 0
github.com/jetstack/preflight/pkg/client/client_api_token.go:87.105,89.16 2 0
github.com/jetstack/preflight/pkg/client/client_api_token.go:89.16,91.3 1 0
github.com/jetstack/preflight/pkg/client/client_api_token.go:93.2,97.25 4 0
github.com/jetstack/preflight/pkg/client/client_oauth.go:68.41,70.2 1 0
github.com/jetstack/preflight/pkg/client/client_oauth.go:74.124,75.47 1 0
github.com/jetstack/preflight/pkg/client/client_oauth.go:75.47,77.3 1 0
github.com/jetstack/preflight/pkg/client/client_oauth.go:78.2,78.19 1 0
github.com/jetstack/preflight/pkg/client/client_oauth.go:78.19,80.3 1 0
github.com/jetstack/preflight/pkg/client/client_oauth.go:82.2,83.9 2 0
github.com/jetstack/preflight/pkg/client/client_oauth.go:83.9,87.3 3 0
github.com/jetstack/preflight/pkg/client/client_oauth.go:89.2,90.9 2 0
github.com/jetstack/preflight/pkg/client/client_oauth.go:90.9,92.3 1 0
github.com/jetstack/preflight/pkg/client/client_oauth.go:94.2,103.8 1 0
github.com/jetstack/preflight/pkg/client/client_oauth.go:106.121,108.2 1 0
github.com/jetstack/preflight/pkg/client/client_oauth.go:112.121,119.16 3 0
github.com/jetstack/preflight/pkg/client/client_oauth.go:119.16,121.3 1 0
github.com/jetstack/preflight/pkg/client/client_oauth.go:123.2,124.16 2 0
github.com/jetstack/preflight/pkg/client/client_oauth.go:124.16,126.3 1 0
github.com/jetstack/preflight/pkg/client/client_oauth.go:127.2,129.55 2 0
github.com/jetstack/preflight/pkg/client/client_oauth.go:129.55,132.17 3 0
github.com/jetstack/preflight/pkg/client/client_oauth.go:132.17,134.4 1 0
github.com/jetstack/preflight/pkg/client/client_oauth.go:136.3,136.93 1 0
github.com/jetstack/preflight/pkg/client/client_oauth.go:139.2,139.12 1 0
github.com/jetstack/preflight/pkg/client/client_oauth.go:143.102,145.16 2 0
github.com/jetstack/preflight/pkg/client/client_oauth.go:145.16,147.3 1 0
github.com/jetstack/preflight/pkg/client/client_oauth.go:149.2,150.16 2 0
github.com/jetstack/preflight/pkg/client/client_oauth.go:150.16,152.3 1 0
github.com/jetstack/preflight/pkg/client/client_oauth.go:154.2,158.27 3 0
github.com/jetstack/preflight/pkg/client/client_oauth.go:158.27,160.3 1 0
github.com/jetstack/preflight/pkg/client/client_oauth.go:162.2,162.25 1 0
github.com/jetstack/preflight/pkg/client/client_oauth.go:168.86,169.32 1 0
github.com/jetstack/preflight/pkg/client/client_oauth.go:169.32,171.17 2 0
github.com/jetstack/preflight/pkg/client/client_oauth.go:171.17,173.4 1 0
github.com/jetstack/preflight/pkg/client/client_oauth.go:176.2,176.27 1 0
github.com/jetstack/preflight/pkg/client/client_oauth.go:179.67,190.16 11 0
github.com/jetstack/preflight/pkg/client/client_oauth.go:190.16,192.3 1 0
github.com/jetstack/preflight/pkg/client/client_oauth.go:193.2,197.16 4 0
github.com/jetstack/preflight/pkg/client/client_oauth.go:197.16,199.3 1 0
github.com/jetstack/preflight/pkg/client/client_oauth.go:201.2,202.16 2 0
github.com/jetstack/preflight/pkg/client/client_oauth.go:202.16,204.3 1 0
github.com/jetstack/preflight/pkg/client/client_oauth.go:206.2,208.61 2 0
github.com/jetstack/preflight/pkg/client/client_oauth.go:208.61,210.3 1 0
github.com/jetstack/preflight/pkg/client/client_oauth.go:212.2,218.16 3 0
github.com/jetstack/preflight/pkg/client/client_oauth.go:218.16,220.3 1 0
github.com/jetstack/preflight/pkg/client/client_oauth.go:222.2,222.29 1 0
github.com/jetstack/preflight/pkg/client/client_oauth.go:222.29,224.3 1 0
github.com/jetstack/preflight/pkg/client/client_oauth.go:226.2,229.12 3 0
github.com/jetstack/preflight/pkg/client/client_oauth.go:235.68,239.16 3 0
github.com/jetstack/preflight/pkg/client/client_oauth.go:239.16,241.3 1 0
github.com/jetstack/preflight/pkg/client/client_oauth.go:243.2,243.46 1 0
github.com/jetstack/preflight/pkg/client/client_oauth.go:243.46,245.3 1 0
github.com/jetstack/preflight/pkg/client/client_oauth.go:247.2,247.26 1 0
github.com/jetstack/preflight/pkg/client/client_oauth.go:252.64,253.22 1 0
github.com/jetstack/preflight/pkg/client/client_oauth.go:253.22,255.3 1 0
github.com/jetstack/preflight/pkg/client/client_oauth.go:256.2,256.26 1 0
github.com/jetstack/preflight/pkg/client/client_oauth.go:256.26,258.3 1 0
github.com/jetstack/preflight/pkg/client/client_oauth.go:259.2,259.30 1 0
github.com/jetstack/preflight/pkg/client/client_oauth.go:259.30,261.3 1 0
github.com/jetstack/preflight/pkg/client/client_oauth.go:263.2,263.17 1 0
github.com/jetstack/preflight/pkg/client/client_oauth.go:266.45,269.14 2 0
github.com/jetstack/preflight/pkg/client/client_oauth.go:269.14,271.3 1 0
github.com/jetstack/preflight/pkg/client/client_oauth.go:273.2,273.20 1 0
github.com/jetstack/preflight/pkg/client/client_oauth.go:273.20,275.3 1 0
github.com/jetstack/preflight/pkg/client/client_oauth.go:277.2,277.24 1 0
github.com/jetstack/preflight/pkg/client/client_oauth.go:277.24,279.3 1 0
github.com/jetstack/preflight/pkg/client/client_oauth.go:281.2,281.28 1 0
github.com/jetstack/preflight/pkg/client/client_venafi_cloud.go:90.185,91.47 1 0
github.com/jetstack/preflight/pkg/client/client_venafi_cloud.go:91.47,93.3 1 0
github.com/jetstack/preflight/pkg/client/client_venafi_cloud.go:94.2,95.16 2 0
github.com/jetstack/preflight/pkg/client/client_venafi_cloud.go:95.16,97.3 1 0
github.com/jetstack/preflight/pkg/client/client_venafi_cloud.go:98.2,98.19 1 0
github.com/jetstack/preflight/pkg/client/client_venafi_cloud.go:98.19,100.3 1 0
github.com/jetstack/preflight/pkg/client/client_venafi_cloud.go:102.2,103.9 2 0
github.com/jetstack/preflight/pkg/client/client_venafi_cloud.go:103.9,105.3 1 0
github.com/jetstack/preflight/pkg/client/client_venafi_cloud.go:107.2,107.22 1 0
github.com/jetstack/preflight/pkg/client/client_venafi_cloud.go:107.22,110.3 1 0
github.com/jetstack/preflight/pkg/client/client_venafi_cloud.go:112.2,125.8 1 0
github.com/jetstack/preflight/pkg/client/client_venafi_cloud.go:129.80,133.16 3 0
github.com/jetstack/preflight/pkg/client/client_venafi_cloud.go:133.16,135.3 1 0
github.com/jetstack/preflight/pkg/client/client_venafi_cloud.go:137.2,137.46 1 0
github.com/jetstack/preflight/pkg/client/client_venafi_cloud.go:137.46,139.3 1 0
github.com/jetstack/preflight/pkg/client/client_venafi_cloud.go:141.2,141.26 1 0
github.com/jetstack/preflight/pkg/client/client_venafi_cloud.go:144.56,147.14 2 0
github.com/jetstack/preflight/pkg/client/client_venafi_cloud.go:147.14,149.3 1 0
github.com/jetstack/preflight/pkg/client/client_venafi_cloud.go:151.2,151.22 1 0
github.com/jetstack/preflight/pkg/client/client_venafi_cloud.go:151.22,153.3 1 0
github.com/jetstack/preflight/pkg/client/client_venafi_cloud.go:155.2,155.28 1 0
github.com/jetstack/preflight/pkg/client/client_venafi_cloud.go:155.28,157.3 1 0
github.com/jetstack/preflight/pkg/client/client_venafi_cloud.go:159.2,159.28 1 0
github.com/jetstack/preflight/pkg/client/client_venafi_cloud.go:164.75,165.22 1 0
github.com/jetstack/preflight/pkg/client/client_venafi_cloud.go:165.22,167.3 1 0
github.com/jetstack/preflight/pkg/client/client_venafi_cloud.go:168.2,168.28 1 0
github.com/jetstack/preflight/pkg/client/client_venafi_cloud.go:168.28,170.3 1 0
github.com/jetstack/preflight/pkg/client/client_venafi_cloud.go:172.2,172.17 1 0
github.com/jetstack/preflight/pkg/client/client_venafi_cloud.go:177.127,184.16 3 0
github.com/jetstack/preflight/pkg/client/client_venafi_cloud.go:184.16,186.3 1 0
github.com/jetstack/preflight/pkg/client/client_venafi_cloud.go:188.2,188.43 1 0
github.com/jetstack/preflight/pkg/client/client_venafi_cloud.go:188.43,190.3 1 0
github.com/jetstack/preflight/pkg/client/client_venafi_cloud.go:192.2,193.16 2 0
github.com/jetstack/preflight/pkg/client/client_venafi_cloud.go:193.16,195.3 1 0
github.com/jetstack/preflight/pkg/client/client_venafi_cloud.go:198.2,200.28 3 0
github.com/jetstack/preflight/pkg/client/client_venafi_cloud.go:200.28,202.3 1 0
github.com/jetstack/preflight/pkg/client/client_venafi_cloud.go:203.2,203.35 1 0
github.com/jetstack/preflight/pkg/client/client_venafi_cloud.go:203.35,205.3 1 0
github.com/jetstack/preflight/pkg/client/client_venafi_cloud.go:206.2,209.16 3 0
github.com/jetstack/preflight/pkg/client/client_venafi_cloud.go:209.16,211.3 1 0
github.com/jetstack/preflight/pkg/client/client_venafi_cloud.go:212.2,214.55 2 0
github.com/jetstack/preflight/pkg/client/client_venafi_cloud.go:214.55,217.17 3 0
github.com/jetstack/preflight/pkg/client/client_venafi_cloud.go:217.17,219.4 1 0
github.com/jetstack/preflight/pkg/client/client_venafi_cloud.go:220.3,220.93 1 0
github.com/jetstack/preflight/pkg/client/client_venafi_cloud.go:223.2,223.12 1 0
github.com/jetstack/preflight/pkg/client/client_venafi_cloud.go:227.108,229.16 2 0
github.com/jetstack/preflight/pkg/client/client_venafi_cloud.go:229.16,231.3 1 0
github.com/jetstack/preflight/pkg/client/client_venafi_cloud.go:233.2,234.16 2 0
github.com/jetstack/preflight/pkg/client/client_venafi_cloud.go:234.16,236.3 1 0
github.com/jetstack/preflight/pkg/client/client_venafi_cloud.go:238.2,242.32 4 0
github.com/jetstack/preflight/pkg/client/client_venafi_cloud.go:242.32,244.3 1 0
github.com/jetstack/preflight/pkg/client/client_venafi_cloud.go:246.2,246.25 1 0
github.com/jetstack/preflight/pkg/client/client_venafi_cloud.go:252.103,253.93 1 0
github.com/jetstack/preflight/pkg/client/client_venafi_cloud.go:253.93,255.17 2 0
github.com/jetstack/preflight/pkg/client/client_venafi_cloud.go:255.17,257.4 1 0
github.com/jetstack/preflight/pkg/client/client_venafi_cloud.go:260.2,260.27 1 0
github.com/jetstack/preflight/pkg/client/client_venafi_cloud.go:263.74,265.16 2 0
github.com/jetstack/preflight/pkg/client/client_venafi_cloud.go:265.16,267.3 1 0
github.com/jetstack/preflight/pkg/client/client_venafi_cloud.go:269.2,277.16 7 0
github.com/jetstack/preflight/pkg/client/client_venafi_cloud.go:277.16,279.3 1 0
github.com/jetstack/preflight/pkg/client/client_venafi_cloud.go:281.2,288.16 7 0
github.com/jetstack/preflight/pkg/client/client_venafi_cloud.go:288.16,290.3 1 0
github.com/jetstack/preflight/pkg/client/client_venafi_cloud.go:292.2,298.12 4 0
github.com/jetstack/preflight/pkg/client/client_venafi_cloud.go:301.102,303.16 2 0
github.com/jetstack/preflight/pkg/client/client_venafi_cloud.go:303.16,305.3 1 0
github.com/jetstack/preflight/pkg/client/client_venafi_cloud.go:307.2,309.87 2 0
github.com/jetstack/preflight/pkg/client/client_venafi_cloud.go:309.87,312.3 2 0
github.com/jetstack/preflight/pkg/client/client_venafi_cloud.go:314.2,315.16 2 0
github.com/jetstack/preflight/pkg/client/client_venafi_cloud.go:315.16,317.3 1 0
github.com/jetstack/preflight/pkg/client/client_venafi_cloud.go:319.2,319.60 1 0
github.com/jetstack/preflight/pkg/client/client_venafi_cloud.go:319.60,321.3 1 0
github.com/jetstack/preflight/pkg/client/client_venafi_cloud.go:323.2,323.12 1 0
github.com/jetstack/preflight/pkg/client/client_venafi_cloud.go:326.71,328.16 2 0
github.com/jetstack/preflight/pkg/client/client_venafi_cloud.go:328.16,330.3 1 0
github.com/jetstack/preflight/pkg/client/client_venafi_cloud.go:332.2,341.16 9 0
github.com/jetstack/preflight/pkg/client/client_venafi_cloud.go:341.16,343.3 1 0
github.com/jetstack/preflight/pkg/client/client_venafi_cloud.go:345.2,345.19 1 0
github.com/jetstack/preflight/pkg/client/client_venafi_cloud.go:348.87,350.16 2 0
github.com/jetstack/preflight/pkg/client/client_venafi_cloud.go:350.16,353.3 1 0
github.com/jetstack/preflight/pkg/client/client_venafi_cloud.go:355.2,356.16 2 0
github.com/jetstack/preflight/pkg/client/client_venafi_cloud.go:356.16,358.3 1 0
github.com/jetstack/preflight/pkg/client/client_venafi_cloud.go:360.2,360.66 1 0
github.com/jetstack/preflight/pkg/client/client_venafi_cloud.go:360.66,362.3 1 0
github.com/jetstack/preflight/pkg/client/client_venafi_cloud.go:363.2,363.66 1 0
github.com/jetstack/preflight/pkg/client/client_venafi_cloud.go:363.66,364.28 1 0
github.com/jetstack/preflight/pkg/client/client_venafi_cloud.go:365.63,366.19 1 0
github.com/jetstack/preflight/pkg/client/client_venafi_cloud.go:367.11,368.88 1 0
github.com/jetstack/preflight/pkg/client/client_venafi_cloud.go:371.2,371.63 1 0
github.com/jetstack/preflight/pkg/client/client_venafi_cloud.go:371.63,373.3 1 0
github.com/jetstack/preflight/pkg/client/client_venafi_cloud.go:374.2,374.61 1 0
github.com/jetstack/preflight/pkg/client/client_venafi_cloud.go:377.114,380.16 2 0
github.com/jetstack/preflight/pkg/client/client_venafi_cloud.go:380.16,382.3 1 0
github.com/jetstack/preflight/pkg/client/client_venafi_cloud.go:384.2,385.34 2 0
github.com/jetstack/preflight/pkg/client/client_venafi_cloud.go:386.23,388.17 2 0
github.com/jetstack/preflight/pkg/client/client_venafi_cloud.go:389.13,390.42 1 0
github.com/jetstack/preflight/pkg/client/client_venafi_cloud.go:391.13,392.42 1 0
github.com/jetstack/preflight/pkg/client/client_venafi_cloud.go:393.13,394.42 1 0
github.com/jetstack/preflight/pkg/client/client_venafi_cloud.go:395.11,396.42 1 0
github.com/jetstack/preflight/pkg/client/client_venafi_cloud.go:398.25,400.17 2 0
github.com/jetstack/preflight/pkg/client/client_venafi_cloud.go:401.12,402.42 1 0
github.com/jetstack/preflight/pkg/client/client_venafi_cloud.go:403.12,404.42 1 0
github.com/jetstack/preflight/pkg/client/client_venafi_cloud.go:405.12,406.42 1 0
github.com/jetstack/preflight/pkg/client/client_venafi_cloud.go:407.11,408.42 1 0
github.com/jetstack/preflight/pkg/client/client_venafi_cloud.go:410.26,411.41 1 0
github.com/jetstack/preflight/pkg/client/client_venafi_cloud.go:412.10,413.51 1 0
github.com/jetstack/preflight/pkg/client/client_venafi_cloud.go:415.2,415.39 1 0
github.com/jetstack/preflight/pkg/client/client_venconn.go:55.172,56.21 1 3
github.com/jetstack/preflight/pkg/client/client_venconn.go:56.21,58.3 1 0
github.com/jetstack/preflight/pkg/client/client_venconn.go:59.2,59.23 1 3
github.com/jetstack/preflight/pkg/client/client_venconn.go:59.23,61.3 1 0
github.com/jetstack/preflight/pkg/client/client_venconn.go:62.2,62.21 1 3
github.com/jetstack/preflight/pkg/client/client_venconn.go:62.21,64.3 1 0
github.com/jetstack/preflight/pkg/client/client_venconn.go:66.2,74.16 4 3
github.com/jetstack/preflight/pkg/client/client_venconn.go:74.16,76.3 1 0
github.com/jetstack/preflight/pkg/client/client_venconn.go:78.2,79.16 2 3
github.com/jetstack/preflight/pkg/client/client_venconn.go:79.16,81.3 1 0
github.com/jetstack/preflight/pkg/client/client_venconn.go:85.2,98.16 5 3
github.com/jetstack/preflight/pkg/client/client_venconn.go:98.16,100.3 1 0
github.com/jetstack/preflight/pkg/client/client_venconn.go:102.2,104.23 3 3
github.com/jetstack/preflight/pkg/client/client_venconn.go:104.23,106.3 1 3
github.com/jetstack/preflight/pkg/client/client_venconn.go:107.2,116.8 2 3
github.com/jetstack/preflight/pkg/client/client_venconn.go:121.58,123.2 1 3
github.com/jetstack/preflight/pkg/client/client_venconn.go:127.123,128.28 1 3
github.com/jetstack/preflight/pkg/client/client_venconn.go:128.28,130.3 1 0
github.com/jetstack/preflight/pkg/client/client_venconn.go:132.2,133.16 2 3
github.com/jetstack/preflight/pkg/client/client_venconn.go:133.16,135.3 1 0
github.com/jetstack/preflight/pkg/client/client_venconn.go:136.2,136.24 1 3
github.com/jetstack/preflight/pkg/client/client_venconn.go:136.24,138.3 1 1
github.com/jetstack/preflight/pkg/client/client_venconn.go:139.2,139.52 1 2
github.com/jetstack/preflight/pkg/client/client_venconn.go:139.52,144.3 1 1
github.com/jetstack/preflight/pkg/client/client_venconn.go:145.2,145.57 1 1
github.com/jetstack/preflight/pkg/client/client_venconn.go:145.57,147.3 1 0
github.com/jetstack/preflight/pkg/client/client_venconn.go:149.2,158.16 4 1
github.com/jetstack/preflight/pkg/client/client_venconn.go:158.16,160.3 1 0
github.com/jetstack/preflight/pkg/client/client_venconn.go:165.2,166.16 2 1
github.com/jetstack/preflight/pkg/client/client_venconn.go:166.16,168.3 1 0
github.com/jetstack/preflight/pkg/client/client_venconn.go:170.2,176.35 6 1
github.com/jetstack/preflight/pkg/client/client_venconn.go:176.35,178.3 1 0
github.com/jetstack/preflight/pkg/client/client_venconn.go:179.2,182.16 3 1
github.com/jetstack/preflight/pkg/client/client_venconn.go:182.16,184.3 1 0
github.com/jetstack/preflight/pkg/client/client_venconn.go:185.2,187.55 2 1
github.com/jetstack/preflight/pkg/client/client_venconn.go:187.55,190.17 3 0
github.com/jetstack/preflight/pkg/client/client_venconn.go:190.17,192.4 1 0
github.com/jetstack/preflight/pkg/client/client_venconn.go:194.3,194.93 1 0
github.com/jetstack/preflight/pkg/client/client_venconn.go:197.2,197.12 1 1
